{"/Users/joaogarin/nevinbuilds/bruniai/src/diff/diff.ts": {"path":"/Users/joaogarin/nevinbuilds/bruniai/src/diff/diff.ts","statementMap":{"0":{"start":{"line":27,"column":8},"end":{"line":27,"column":null}},"1":{"start":{"line":28,"column":8},"end":{"line":28,"column":null}},"2":{"start":{"line":31,"column":20},"end":{"line":31,"column":null}},"3":{"start":{"line":32,"column":20},"end":{"line":32,"column":null}},"4":{"start":{"line":34,"column":2},"end":{"line":41,"column":null}},"5":{"start":{"line":40,"column":4},"end":{"line":40,"column":null}},"6":{"start":{"line":44,"column":19},"end":{"line":44,"column":null}},"7":{"start":{"line":45,"column":20},"end":{"line":45,"column":null}},"8":{"start":{"line":48,"column":8},"end":{"line":55,"column":null}},"9":{"start":{"line":57,"column":8},"end":{"line":64,"column":null}},"10":{"start":{"line":67,"column":24},"end":{"line":67,"column":null}},"11":{"start":{"line":68,"column":24},"end":{"line":68,"column":null}},"12":{"start":{"line":71,"column":18},"end":{"line":73,"column":null}},"13":{"start":{"line":75,"column":18},"end":{"line":77,"column":null}},"14":{"start":{"line":80,"column":28},"end":{"line":80,"column":null}},"15":{"start":{"line":81,"column":27},"end":{"line":81,"column":null}},"16":{"start":{"line":82,"column":2},"end":{"line":82,"column":null}},"17":{"start":{"line":83,"column":2},"end":{"line":83,"column":null}},"18":{"start":{"line":87,"column":21},"end":{"line":90,"column":null}},"19":{"start":{"line":91,"column":21},"end":{"line":94,"column":null}},"20":{"start":{"line":97,"column":15},"end":{"line":97,"column":null}},"21":{"start":{"line":101,"column":2},"end":{"line":105,"column":null}},"22":{"start":{"line":108,"column":2},"end":{"line":116,"column":null}},"23":{"start":{"line":118,"column":2},"end":{"line":118,"column":null}}},"fnMap":{"0":{"name":"generateDiffImage","decl":{"start":{"line":21,"column":22},"end":{"line":21,"column":null}},"loc":{"start":{"line":25,"column":17},"end":{"line":119,"column":null}},"line":25}},"branchMap":{"0":{"loc":{"start":{"line":34,"column":2},"end":{"line":41,"column":null}},"type":"if","locations":[{"start":{"line":34,"column":2},"end":{"line":41,"column":null}},{"start":{},"end":{}}],"line":34},"1":{"loc":{"start":{"line":35,"column":4},"end":{"line":38,"column":null}},"type":"binary-expr","locations":[{"start":{"line":35,"column":4},"end":{"line":35,"column":null}},{"start":{"line":36,"column":4},"end":{"line":36,"column":null}},{"start":{"line":37,"column":4},"end":{"line":37,"column":null}},{"start":{"line":38,"column":4},"end":{"line":38,"column":null}}],"line":35}},"s":{"0":5,"1":5,"2":5,"3":3,"4":3,"5":0,"6":3,"7":3,"8":3,"9":3,"10":3,"11":3,"12":3,"13":3,"14":3,"15":3,"16":3,"17":3,"18":3,"19":3,"20":3,"21":3,"22":3,"23":3},"f":{"0":5},"b":{"0":[0,3],"1":[3,3,3,3]},"meta":{"lastBranch":2,"lastFunction":1,"lastStatement":24,"seen":{"f:21:22:21:Infinity":0,"s:27:8:27:Infinity":0,"s:28:8:28:Infinity":1,"s:31:20:31:Infinity":2,"s:32:20:32:Infinity":3,"b:34:2:41:Infinity:undefined:undefined:undefined:undefined":0,"s:34:2:41:Infinity":4,"b:35:4:35:Infinity:36:4:36:Infinity:37:4:37:Infinity:38:4:38:Infinity":1,"s:40:4:40:Infinity":5,"s:44:19:44:Infinity":6,"s:45:20:45:Infinity":7,"s:48:8:55:Infinity":8,"s:57:8:64:Infinity":9,"s:67:24:67:Infinity":10,"s:68:24:68:Infinity":11,"s:71:18:73:Infinity":12,"s:75:18:77:Infinity":13,"s:80:28:80:Infinity":14,"s:81:27:81:Infinity":15,"s:82:2:82:Infinity":16,"s:83:2:83:Infinity":17,"s:87:21:90:Infinity":18,"s:91:21:94:Infinity":19,"s:97:15:97:Infinity":20,"s:101:2:105:Infinity":21,"s:108:2:116:Infinity":22,"s:118:2:118:Infinity":23}}}
,"/Users/joaogarin/nevinbuilds/bruniai/src/github/pr-comments.ts": {"path":"/Users/joaogarin/nevinbuilds/bruniai/src/github/pr-comments.ts","statementMap":{"0":{"start":{"line":33,"column":20},"end":{"line":33,"column":null}},"1":{"start":{"line":34,"column":21},"end":{"line":34,"column":null}},"2":{"start":{"line":36,"column":2},"end":{"line":39,"column":null}},"3":{"start":{"line":37,"column":4},"end":{"line":37,"column":null}},"4":{"start":{"line":38,"column":4},"end":{"line":38,"column":null}},"5":{"start":{"line":41,"column":2},"end":{"line":54,"column":null}},"6":{"start":{"line":42,"column":25},"end":{"line":42,"column":null}},"7":{"start":{"line":43,"column":31},"end":{"line":43,"column":null}},"8":{"start":{"line":45,"column":21},"end":{"line":45,"column":null}},"9":{"start":{"line":47,"column":4},"end":{"line":49,"column":null}},"10":{"start":{"line":48,"column":6},"end":{"line":48,"column":null}},"11":{"start":{"line":50,"column":4},"end":{"line":50,"column":null}},"12":{"start":{"line":52,"column":4},"end":{"line":52,"column":null}},"13":{"start":{"line":53,"column":4},"end":{"line":53,"column":null}},"14":{"start":{"line":67,"column":2},"end":{"line":69,"column":null}},"15":{"start":{"line":68,"column":4},"end":{"line":68,"column":null}},"16":{"start":{"line":72,"column":2},"end":{"line":98,"column":null}},"17":{"start":{"line":73,"column":25},"end":{"line":73,"column":null}},"18":{"start":{"line":75,"column":4},"end":{"line":88,"column":null}},"19":{"start":{"line":79,"column":6},"end":{"line":79,"column":null}},"20":{"start":{"line":80,"column":4},"end":{"line":88,"column":null}},"21":{"start":{"line":85,"column":6},"end":{"line":85,"column":null}},"22":{"start":{"line":87,"column":6},"end":{"line":87,"column":null}},"23":{"start":{"line":90,"column":48},"end":{"line":95,"column":null}},"24":{"start":{"line":97,"column":4},"end":{"line":97,"column":null}},"25":{"start":{"line":101,"column":15},"end":{"line":101,"column":null}},"26":{"start":{"line":104,"column":29},"end":{"line":104,"column":null}},"27":{"start":{"line":105,"column":2},"end":{"line":122,"column":null}},"28":{"start":{"line":106,"column":4},"end":{"line":106,"column":null}},"29":{"start":{"line":109,"column":30},"end":{"line":109,"column":null}},"30":{"start":{"line":110,"column":31},"end":{"line":110,"column":null}},"31":{"start":{"line":112,"column":4},"end":{"line":121,"column":null}},"32":{"start":{"line":116,"column":6},"end":{"line":116,"column":null}},"33":{"start":{"line":117,"column":4},"end":{"line":121,"column":null}},"34":{"start":{"line":118,"column":6},"end":{"line":118,"column":null}},"35":{"start":{"line":120,"column":6},"end":{"line":120,"column":null}},"36":{"start":{"line":125,"column":46},"end":{"line":130,"column":null}},"37":{"start":{"line":132,"column":2},"end":{"line":132,"column":null}},"38":{"start":{"line":151,"column":2},"end":{"line":153,"column":null}},"39":{"start":{"line":152,"column":4},"end":{"line":152,"column":null}},"40":{"start":{"line":156,"column":2},"end":{"line":161,"column":null}},"41":{"start":{"line":157,"column":19},"end":{"line":157,"column":null}},"42":{"start":{"line":158,"column":4},"end":{"line":160,"column":null}},"43":{"start":{"line":159,"column":6},"end":{"line":159,"column":null}},"44":{"start":{"line":164,"column":2},"end":{"line":169,"column":null}},"45":{"start":{"line":165,"column":19},"end":{"line":165,"column":null}},"46":{"start":{"line":166,"column":4},"end":{"line":168,"column":null}},"47":{"start":{"line":167,"column":6},"end":{"line":167,"column":null}},"48":{"start":{"line":172,"column":2},"end":{"line":177,"column":null}},"49":{"start":{"line":173,"column":19},"end":{"line":173,"column":null}},"50":{"start":{"line":174,"column":4},"end":{"line":176,"column":null}},"51":{"start":{"line":175,"column":6},"end":{"line":175,"column":null}},"52":{"start":{"line":180,"column":2},"end":{"line":180,"column":null}},"53":{"start":{"line":195,"column":2},"end":{"line":197,"column":null}},"54":{"start":{"line":196,"column":4},"end":{"line":196,"column":null}},"55":{"start":{"line":199,"column":34},"end":{"line":199,"column":null}},"56":{"start":{"line":203,"column":4},"end":{"line":203,"column":null}},"57":{"start":{"line":206,"column":22},"end":{"line":208,"column":null}},"58":{"start":{"line":208,"column":29},"end":{"line":208,"column":44}},"59":{"start":{"line":209,"column":2},"end":{"line":211,"column":null}},"60":{"start":{"line":212,"column":2},"end":{"line":214,"column":null}},"61":{"start":{"line":217,"column":24},"end":{"line":217,"column":null}},"62":{"start":{"line":218,"column":21},"end":{"line":218,"column":null}},"63":{"start":{"line":219,"column":2},"end":{"line":222,"column":null}},"64":{"start":{"line":220,"column":4},"end":{"line":220,"column":null}},"65":{"start":{"line":221,"column":4},"end":{"line":221,"column":null}},"66":{"start":{"line":225,"column":2},"end":{"line":227,"column":null}},"67":{"start":{"line":226,"column":4},"end":{"line":226,"column":null}},"68":{"start":{"line":229,"column":2},"end":{"line":229,"column":null}},"69":{"start":{"line":230,"column":2},"end":{"line":230,"column":null}},"70":{"start":{"line":231,"column":2},"end":{"line":231,"column":null}},"71":{"start":{"line":234,"column":25},"end":{"line":234,"column":null}},"72":{"start":{"line":235,"column":2},"end":{"line":256,"column":null}},"73":{"start":{"line":239,"column":4},"end":{"line":239,"column":null}},"74":{"start":{"line":240,"column":4},"end":{"line":240,"column":null}},"75":{"start":{"line":241,"column":4},"end":{"line":241,"column":null}},"76":{"start":{"line":243,"column":21},"end":{"line":243,"column":null}},"77":{"start":{"line":244,"column":4},"end":{"line":253,"column":null}},"78":{"start":{"line":245,"column":6},"end":{"line":252,"column":null}},"79":{"start":{"line":246,"column":21},"end":{"line":246,"column":null}},"80":{"start":{"line":247,"column":30},"end":{"line":247,"column":null}},"81":{"start":{"line":248,"column":27},"end":{"line":248,"column":null}},"82":{"start":{"line":250,"column":27},"end":{"line":250,"column":null}},"83":{"start":{"line":251,"column":8},"end":{"line":251,"column":null}},"84":{"start":{"line":255,"column":4},"end":{"line":255,"column":null}},"85":{"start":{"line":259,"column":2},"end":{"line":286,"column":null}},"86":{"start":{"line":260,"column":10},"end":{"line":263,"column":null}},"87":{"start":{"line":265,"column":4},"end":{"line":285,"column":null}},"88":{"start":{"line":266,"column":6},"end":{"line":266,"column":null}},"89":{"start":{"line":268,"column":29},"end":{"line":268,"column":null}},"90":{"start":{"line":269,"column":6},"end":{"line":273,"column":null}},"91":{"start":{"line":270,"column":8},"end":{"line":272,"column":null}},"92":{"start":{"line":271,"column":10},"end":{"line":271,"column":null}},"93":{"start":{"line":275,"column":30},"end":{"line":275,"column":null}},"94":{"start":{"line":276,"column":6},"end":{"line":278,"column":null}},"95":{"start":{"line":277,"column":8},"end":{"line":277,"column":null}},"96":{"start":{"line":280,"column":31},"end":{"line":280,"column":null}},"97":{"start":{"line":281,"column":6},"end":{"line":283,"column":null}},"98":{"start":{"line":282,"column":8},"end":{"line":282,"column":null}},"99":{"start":{"line":284,"column":6},"end":{"line":284,"column":null}},"100":{"start":{"line":289,"column":21},"end":{"line":289,"column":null}},"101":{"start":{"line":290,"column":2},"end":{"line":325,"column":null}},"102":{"start":{"line":292,"column":6},"end":{"line":294,"column":null}},"103":{"start":{"line":296,"column":4},"end":{"line":324,"column":null}},"104":{"start":{"line":297,"column":6},"end":{"line":297,"column":null}},"105":{"start":{"line":299,"column":27},"end":{"line":299,"column":null}},"106":{"start":{"line":300,"column":6},"end":{"line":302,"column":null}},"107":{"start":{"line":301,"column":8},"end":{"line":301,"column":null}},"108":{"start":{"line":304,"column":21},"end":{"line":304,"column":null}},"109":{"start":{"line":305,"column":6},"end":{"line":307,"column":null}},"110":{"start":{"line":306,"column":8},"end":{"line":306,"column":null}},"111":{"start":{"line":309,"column":28},"end":{"line":309,"column":null}},"112":{"start":{"line":310,"column":6},"end":{"line":312,"column":null}},"113":{"start":{"line":311,"column":8},"end":{"line":311,"column":null}},"114":{"start":{"line":313,"column":6},"end":{"line":313,"column":null}},"115":{"start":{"line":316,"column":6},"end":{"line":316,"column":null}},"116":{"start":{"line":317,"column":6},"end":{"line":319,"column":null}},"117":{"start":{"line":320,"column":6},"end":{"line":320,"column":null}},"118":{"start":{"line":321,"column":6},"end":{"line":321,"column":null}},"119":{"start":{"line":322,"column":6},"end":{"line":322,"column":null}},"120":{"start":{"line":323,"column":6},"end":{"line":323,"column":null}},"121":{"start":{"line":327,"column":2},"end":{"line":327,"column":null}},"122":{"start":{"line":338,"column":8},"end":{"line":338,"column":null}},"123":{"start":{"line":339,"column":2},"end":{"line":342,"column":null}},"124":{"start":{"line":340,"column":4},"end":{"line":340,"column":null}},"125":{"start":{"line":341,"column":4},"end":{"line":341,"column":null}},"126":{"start":{"line":344,"column":15},"end":{"line":344,"column":null}},"127":{"start":{"line":345,"column":22},"end":{"line":345,"column":null}},"128":{"start":{"line":346,"column":16},"end":{"line":346,"column":null}},"129":{"start":{"line":348,"column":2},"end":{"line":348,"column":null}},"130":{"start":{"line":349,"column":2},"end":{"line":349,"column":null}},"131":{"start":{"line":350,"column":2},"end":{"line":350,"column":null}},"132":{"start":{"line":352,"column":32},"end":{"line":352,"column":null}},"133":{"start":{"line":353,"column":2},"end":{"line":358,"column":null}},"134":{"start":{"line":354,"column":19},"end":{"line":354,"column":null}},"135":{"start":{"line":355,"column":4},"end":{"line":355,"column":null}},"136":{"start":{"line":357,"column":4},"end":{"line":357,"column":null}},"137":{"start":{"line":360,"column":2},"end":{"line":363,"column":null}},"138":{"start":{"line":361,"column":4},"end":{"line":361,"column":null}},"139":{"start":{"line":362,"column":4},"end":{"line":362,"column":null}},"140":{"start":{"line":366,"column":21},"end":{"line":366,"column":null}},"141":{"start":{"line":367,"column":2},"end":{"line":370,"column":null}},"142":{"start":{"line":368,"column":25},"end":{"line":368,"column":null}},"143":{"start":{"line":369,"column":4},"end":{"line":369,"column":null}},"144":{"start":{"line":373,"column":18},"end":{"line":377,"column":null}},"145":{"start":{"line":380,"column":22},"end":{"line":380,"column":null}},"146":{"start":{"line":383,"column":2},"end":{"line":388,"column":null}},"147":{"start":{"line":384,"column":4},"end":{"line":384,"column":null}},"148":{"start":{"line":386,"column":4},"end":{"line":386,"column":null}},"149":{"start":{"line":387,"column":4},"end":{"line":387,"column":null}},"150":{"start":{"line":390,"column":2},"end":{"line":394,"column":null}},"151":{"start":{"line":391,"column":22},"end":{"line":391,"column":null}},"152":{"start":{"line":392,"column":4},"end":{"line":392,"column":null}},"153":{"start":{"line":393,"column":4},"end":{"line":393,"column":null}},"154":{"start":{"line":396,"column":20},"end":{"line":396,"column":null}},"155":{"start":{"line":400,"column":41},"end":{"line":400,"column":null}},"156":{"start":{"line":403,"column":2},"end":{"line":416,"column":null}},"157":{"start":{"line":404,"column":17},"end":{"line":404,"column":null}},"158":{"start":{"line":405,"column":4},"end":{"line":415,"column":null}},"159":{"start":{"line":413,"column":6},"end":{"line":413,"column":null}},"160":{"start":{"line":414,"column":6},"end":{"line":414,"column":null}},"161":{"start":{"line":418,"column":2},"end":{"line":455,"column":null}},"162":{"start":{"line":420,"column":22},"end":{"line":420,"column":null}},"163":{"start":{"line":421,"column":4},"end":{"line":436,"column":null}},"164":{"start":{"line":422,"column":6},"end":{"line":426,"column":null}},"165":{"start":{"line":428,"column":6},"end":{"line":433,"column":null}},"166":{"start":{"line":429,"column":8},"end":{"line":429,"column":null}},"167":{"start":{"line":431,"column":26},"end":{"line":431,"column":null}},"168":{"start":{"line":432,"column":8},"end":{"line":432,"column":null}},"169":{"start":{"line":435,"column":6},"end":{"line":435,"column":null}},"170":{"start":{"line":439,"column":4},"end":{"line":454,"column":null}},"171":{"start":{"line":440,"column":6},"end":{"line":444,"column":null}},"172":{"start":{"line":446,"column":6},"end":{"line":451,"column":null}},"173":{"start":{"line":447,"column":8},"end":{"line":447,"column":null}},"174":{"start":{"line":449,"column":26},"end":{"line":449,"column":null}},"175":{"start":{"line":450,"column":8},"end":{"line":450,"column":null}},"176":{"start":{"line":453,"column":6},"end":{"line":453,"column":null}}},"fnMap":{"0":{"name":"getPrNumberFromEvent","decl":{"start":{"line":32,"column":22},"end":{"line":32,"column":69}},"loc":{"start":{"line":32,"column":69},"end":{"line":55,"column":null}},"line":32},"1":{"name":"determineStatusFromVisualAnalysis","decl":{"start":{"line":64,"column":16},"end":{"line":64,"column":null}},"loc":{"start":{"line":66,"column":20},"end":{"line":133,"column":null}},"line":66},"2":{"name":"getTestStatus","decl":{"start":{"line":148,"column":16},"end":{"line":148,"column":null}},"loc":{"start":{"line":150,"column":40},"end":{"line":181,"column":null}},"line":150},"3":{"name":"formatVisualAnalysisToMarkdown","decl":{"start":{"line":191,"column":16},"end":{"line":191,"column":null}},"loc":{"start":{"line":194,"column":10},"end":{"line":328,"column":null}},"line":194},"4":{"name":"(anonymous_4)","decl":{"start":{"line":208,"column":22},"end":{"line":208,"column":23}},"loc":{"start":{"line":208,"column":29},"end":{"line":208,"column":44}},"line":208},"5":{"name":"postPrComment","decl":{"start":{"line":336,"column":22},"end":{"line":336,"column":36}},"loc":{"start":{"line":336,"column":68},"end":{"line":456,"column":null}},"line":336}},"branchMap":{"0":{"loc":{"start":{"line":36,"column":2},"end":{"line":39,"column":null}},"type":"if","locations":[{"start":{"line":36,"column":2},"end":{"line":39,"column":null}},{"start":{},"end":{}}],"line":36},"1":{"loc":{"start":{"line":36,"column":6},"end":{"line":36,"column":33}},"type":"binary-expr","locations":[{"start":{"line":36,"column":6},"end":{"line":36,"column":20}},{"start":{"line":36,"column":20},"end":{"line":36,"column":33}}],"line":36},"2":{"loc":{"start":{"line":45,"column":21},"end":{"line":45,"column":null}},"type":"binary-expr","locations":[{"start":{"line":45,"column":21},"end":{"line":45,"column":51}},{"start":{"line":45,"column":51},"end":{"line":45,"column":74}},{"start":{"line":45,"column":74},"end":{"line":45,"column":null}}],"line":45},"3":{"loc":{"start":{"line":47,"column":4},"end":{"line":49,"column":null}},"type":"if","locations":[{"start":{"line":47,"column":4},"end":{"line":49,"column":null}},{"start":{},"end":{}}],"line":47},"4":{"loc":{"start":{"line":67,"column":2},"end":{"line":69,"column":null}},"type":"if","locations":[{"start":{"line":67,"column":2},"end":{"line":69,"column":null}},{"start":{},"end":{}}],"line":67},"5":{"loc":{"start":{"line":72,"column":2},"end":{"line":98,"column":null}},"type":"if","locations":[{"start":{"line":72,"column":2},"end":{"line":98,"column":null}},{"start":{},"end":{}}],"line":72},"6":{"loc":{"start":{"line":75,"column":4},"end":{"line":88,"column":null}},"type":"if","locations":[{"start":{"line":75,"column":4},"end":{"line":88,"column":null}},{"start":{"line":80,"column":4},"end":{"line":88,"column":null}}],"line":75},"7":{"loc":{"start":{"line":76,"column":6},"end":{"line":77,"column":null}},"type":"binary-expr","locations":[{"start":{"line":76,"column":6},"end":{"line":76,"column":null}},{"start":{"line":77,"column":6},"end":{"line":77,"column":null}}],"line":76},"8":{"loc":{"start":{"line":80,"column":4},"end":{"line":88,"column":null}},"type":"if","locations":[{"start":{"line":80,"column":4},"end":{"line":88,"column":null}},{"start":{"line":86,"column":11},"end":{"line":88,"column":null}}],"line":80},"9":{"loc":{"start":{"line":81,"column":7},"end":{"line":83,"column":null}},"type":"binary-expr","locations":[{"start":{"line":81,"column":7},"end":{"line":81,"column":null}},{"start":{"line":82,"column":8},"end":{"line":82,"column":null}},{"start":{"line":83,"column":6},"end":{"line":83,"column":null}}],"line":81},"10":{"loc":{"start":{"line":97,"column":20},"end":{"line":97,"column":46}},"type":"binary-expr","locations":[{"start":{"line":97,"column":20},"end":{"line":97,"column":43}},{"start":{"line":97,"column":43},"end":{"line":97,"column":46}}],"line":97},"11":{"loc":{"start":{"line":104,"column":29},"end":{"line":104,"column":null}},"type":"binary-expr","locations":[{"start":{"line":104,"column":29},"end":{"line":104,"column":68}},{"start":{"line":104,"column":68},"end":{"line":104,"column":null}}],"line":104},"12":{"loc":{"start":{"line":105,"column":2},"end":{"line":122,"column":null}},"type":"if","locations":[{"start":{"line":105,"column":2},"end":{"line":122,"column":null}},{"start":{"line":107,"column":9},"end":{"line":122,"column":null}}],"line":105},"13":{"loc":{"start":{"line":109,"column":30},"end":{"line":109,"column":null}},"type":"binary-expr","locations":[{"start":{"line":109,"column":30},"end":{"line":109,"column":68}},{"start":{"line":109,"column":68},"end":{"line":109,"column":null}}],"line":109},"14":{"loc":{"start":{"line":110,"column":31},"end":{"line":110,"column":null}},"type":"binary-expr","locations":[{"start":{"line":110,"column":31},"end":{"line":110,"column":69}},{"start":{"line":110,"column":69},"end":{"line":110,"column":null}}],"line":110},"15":{"loc":{"start":{"line":112,"column":4},"end":{"line":121,"column":null}},"type":"if","locations":[{"start":{"line":112,"column":4},"end":{"line":121,"column":null}},{"start":{"line":117,"column":4},"end":{"line":121,"column":null}}],"line":112},"16":{"loc":{"start":{"line":113,"column":6},"end":{"line":114,"column":null}},"type":"binary-expr","locations":[{"start":{"line":113,"column":6},"end":{"line":113,"column":null}},{"start":{"line":114,"column":6},"end":{"line":114,"column":null}}],"line":113},"17":{"loc":{"start":{"line":117,"column":4},"end":{"line":121,"column":null}},"type":"if","locations":[{"start":{"line":117,"column":4},"end":{"line":121,"column":null}},{"start":{"line":119,"column":11},"end":{"line":121,"column":null}}],"line":117},"18":{"loc":{"start":{"line":132,"column":18},"end":{"line":132,"column":44}},"type":"binary-expr","locations":[{"start":{"line":132,"column":18},"end":{"line":132,"column":41}},{"start":{"line":132,"column":41},"end":{"line":132,"column":44}}],"line":132},"19":{"loc":{"start":{"line":151,"column":2},"end":{"line":153,"column":null}},"type":"if","locations":[{"start":{"line":151,"column":2},"end":{"line":153,"column":null}},{"start":{},"end":{}}],"line":151},"20":{"loc":{"start":{"line":151,"column":6},"end":{"line":151,"column":40}},"type":"binary-expr","locations":[{"start":{"line":151,"column":6},"end":{"line":151,"column":18}},{"start":{"line":151,"column":18},"end":{"line":151,"column":40}}],"line":151},"21":{"loc":{"start":{"line":157,"column":19},"end":{"line":157,"column":null}},"type":"binary-expr","locations":[{"start":{"line":157,"column":19},"end":{"line":157,"column":36}},{"start":{"line":157,"column":36},"end":{"line":157,"column":58}},{"start":{"line":157,"column":58},"end":{"line":157,"column":null}}],"line":157},"22":{"loc":{"start":{"line":158,"column":4},"end":{"line":160,"column":null}},"type":"if","locations":[{"start":{"line":158,"column":4},"end":{"line":160,"column":null}},{"start":{},"end":{}}],"line":158},"23":{"loc":{"start":{"line":165,"column":19},"end":{"line":165,"column":null}},"type":"binary-expr","locations":[{"start":{"line":165,"column":19},"end":{"line":165,"column":36}},{"start":{"line":165,"column":36},"end":{"line":165,"column":58}},{"start":{"line":165,"column":58},"end":{"line":165,"column":null}}],"line":165},"24":{"loc":{"start":{"line":166,"column":4},"end":{"line":168,"column":null}},"type":"if","locations":[{"start":{"line":166,"column":4},"end":{"line":168,"column":null}},{"start":{},"end":{}}],"line":166},"25":{"loc":{"start":{"line":173,"column":19},"end":{"line":173,"column":null}},"type":"binary-expr","locations":[{"start":{"line":173,"column":19},"end":{"line":173,"column":36}},{"start":{"line":173,"column":36},"end":{"line":173,"column":58}},{"start":{"line":173,"column":58},"end":{"line":173,"column":null}}],"line":173},"26":{"loc":{"start":{"line":174,"column":4},"end":{"line":176,"column":null}},"type":"if","locations":[{"start":{"line":174,"column":4},"end":{"line":176,"column":null}},{"start":{},"end":{}}],"line":174},"27":{"loc":{"start":{"line":195,"column":2},"end":{"line":197,"column":null}},"type":"if","locations":[{"start":{"line":195,"column":2},"end":{"line":197,"column":null}},{"start":{},"end":{}}],"line":195},"28":{"loc":{"start":{"line":195,"column":6},"end":{"line":195,"column":61}},"type":"binary-expr","locations":[{"start":{"line":195,"column":6},"end":{"line":195,"column":25}},{"start":{"line":195,"column":25},"end":{"line":195,"column":61}}],"line":195},"29":{"loc":{"start":{"line":218,"column":21},"end":{"line":218,"column":null}},"type":"binary-expr","locations":[{"start":{"line":218,"column":21},"end":{"line":218,"column":50}},{"start":{"line":218,"column":50},"end":{"line":218,"column":null}}],"line":218},"30":{"loc":{"start":{"line":219,"column":2},"end":{"line":222,"column":null}},"type":"if","locations":[{"start":{"line":219,"column":2},"end":{"line":222,"column":null}},{"start":{},"end":{}}],"line":219},"31":{"loc":{"start":{"line":225,"column":2},"end":{"line":227,"column":null}},"type":"if","locations":[{"start":{"line":225,"column":2},"end":{"line":227,"column":null}},{"start":{},"end":{}}],"line":225},"32":{"loc":{"start":{"line":235,"column":2},"end":{"line":256,"column":null}},"type":"if","locations":[{"start":{"line":235,"column":2},"end":{"line":256,"column":null}},{"start":{},"end":{}}],"line":235},"33":{"loc":{"start":{"line":236,"column":4},"end":{"line":237,"column":null}},"type":"binary-expr","locations":[{"start":{"line":236,"column":4},"end":{"line":236,"column":null}},{"start":{"line":237,"column":5},"end":{"line":237,"column":44}},{"start":{"line":237,"column":44},"end":{"line":237,"column":null}}],"line":236},"34":{"loc":{"start":{"line":243,"column":21},"end":{"line":243,"column":null}},"type":"binary-expr","locations":[{"start":{"line":243,"column":21},"end":{"line":243,"column":48}},{"start":{"line":243,"column":48},"end":{"line":243,"column":null}}],"line":243},"35":{"loc":{"start":{"line":244,"column":4},"end":{"line":253,"column":null}},"type":"if","locations":[{"start":{"line":244,"column":4},"end":{"line":253,"column":null}},{"start":{},"end":{}}],"line":244},"36":{"loc":{"start":{"line":246,"column":21},"end":{"line":246,"column":null}},"type":"binary-expr","locations":[{"start":{"line":246,"column":21},"end":{"line":246,"column":37}},{"start":{"line":246,"column":37},"end":{"line":246,"column":null}}],"line":246},"37":{"loc":{"start":{"line":247,"column":30},"end":{"line":247,"column":null}},"type":"binary-expr","locations":[{"start":{"line":247,"column":30},"end":{"line":247,"column":48}},{"start":{"line":247,"column":48},"end":{"line":247,"column":null}}],"line":247},"38":{"loc":{"start":{"line":248,"column":27},"end":{"line":248,"column":null}},"type":"cond-expr","locations":[{"start":{"line":248,"column":57},"end":{"line":248,"column":63}},{"start":{"line":248,"column":63},"end":{"line":248,"column":null}}],"line":248},"39":{"loc":{"start":{"line":259,"column":2},"end":{"line":286,"column":null}},"type":"if","locations":[{"start":{"line":259,"column":2},"end":{"line":286,"column":null}},{"start":{},"end":{}}],"line":259},"40":{"loc":{"start":{"line":260,"column":10},"end":{"line":263,"column":null}},"type":"binary-expr","locations":[{"start":{"line":260,"column":10},"end":{"line":261,"column":null}},{"start":{"line":262,"column":6},"end":{"line":262,"column":null}},{"start":{"line":263,"column":6},"end":{"line":263,"column":null}}],"line":260},"41":{"loc":{"start":{"line":265,"column":4},"end":{"line":285,"column":null}},"type":"if","locations":[{"start":{"line":265,"column":4},"end":{"line":285,"column":null}},{"start":{},"end":{}}],"line":265},"42":{"loc":{"start":{"line":268,"column":29},"end":{"line":268,"column":null}},"type":"binary-expr","locations":[{"start":{"line":268,"column":29},"end":{"line":268,"column":62}},{"start":{"line":268,"column":62},"end":{"line":268,"column":null}}],"line":268},"43":{"loc":{"start":{"line":269,"column":6},"end":{"line":273,"column":null}},"type":"if","locations":[{"start":{"line":269,"column":6},"end":{"line":273,"column":null}},{"start":{},"end":{}}],"line":269},"44":{"loc":{"start":{"line":275,"column":30},"end":{"line":275,"column":null}},"type":"binary-expr","locations":[{"start":{"line":275,"column":30},"end":{"line":275,"column":64}},{"start":{"line":275,"column":64},"end":{"line":275,"column":null}}],"line":275},"45":{"loc":{"start":{"line":276,"column":6},"end":{"line":278,"column":null}},"type":"if","locations":[{"start":{"line":276,"column":6},"end":{"line":278,"column":null}},{"start":{},"end":{}}],"line":276},"46":{"loc":{"start":{"line":280,"column":31},"end":{"line":280,"column":null}},"type":"binary-expr","locations":[{"start":{"line":280,"column":31},"end":{"line":280,"column":59}},{"start":{"line":280,"column":59},"end":{"line":280,"column":null}}],"line":280},"47":{"loc":{"start":{"line":281,"column":6},"end":{"line":283,"column":null}},"type":"if","locations":[{"start":{"line":281,"column":6},"end":{"line":283,"column":null}},{"start":{},"end":{}}],"line":281},"48":{"loc":{"start":{"line":290,"column":2},"end":{"line":325,"column":null}},"type":"if","locations":[{"start":{"line":290,"column":2},"end":{"line":325,"column":null}},{"start":{},"end":{}}],"line":290},"49":{"loc":{"start":{"line":292,"column":6},"end":{"line":294,"column":null}},"type":"binary-expr","locations":[{"start":{"line":292,"column":6},"end":{"line":292,"column":null}},{"start":{"line":293,"column":6},"end":{"line":293,"column":null}},{"start":{"line":294,"column":6},"end":{"line":294,"column":null}}],"line":292},"50":{"loc":{"start":{"line":296,"column":4},"end":{"line":324,"column":null}},"type":"if","locations":[{"start":{"line":296,"column":4},"end":{"line":324,"column":null}},{"start":{},"end":{}}],"line":296},"51":{"loc":{"start":{"line":299,"column":27},"end":{"line":299,"column":null}},"type":"binary-expr","locations":[{"start":{"line":299,"column":27},"end":{"line":299,"column":55}},{"start":{"line":299,"column":55},"end":{"line":299,"column":null}}],"line":299},"52":{"loc":{"start":{"line":300,"column":6},"end":{"line":302,"column":null}},"type":"if","locations":[{"start":{"line":300,"column":6},"end":{"line":302,"column":null}},{"start":{},"end":{}}],"line":300},"53":{"loc":{"start":{"line":304,"column":21},"end":{"line":304,"column":null}},"type":"binary-expr","locations":[{"start":{"line":304,"column":21},"end":{"line":304,"column":42}},{"start":{"line":304,"column":42},"end":{"line":304,"column":null}}],"line":304},"54":{"loc":{"start":{"line":305,"column":6},"end":{"line":307,"column":null}},"type":"if","locations":[{"start":{"line":305,"column":6},"end":{"line":307,"column":null}},{"start":{},"end":{}}],"line":305},"55":{"loc":{"start":{"line":309,"column":28},"end":{"line":309,"column":null}},"type":"binary-expr","locations":[{"start":{"line":309,"column":28},"end":{"line":309,"column":57}},{"start":{"line":309,"column":57},"end":{"line":309,"column":null}}],"line":309},"56":{"loc":{"start":{"line":310,"column":6},"end":{"line":312,"column":null}},"type":"if","locations":[{"start":{"line":310,"column":6},"end":{"line":312,"column":null}},{"start":{},"end":{}}],"line":310},"57":{"loc":{"start":{"line":339,"column":2},"end":{"line":342,"column":null}},"type":"if","locations":[{"start":{"line":339,"column":2},"end":{"line":342,"column":null}},{"start":{},"end":{}}],"line":339},"58":{"loc":{"start":{"line":353,"column":2},"end":{"line":358,"column":null}},"type":"if","locations":[{"start":{"line":353,"column":2},"end":{"line":358,"column":null}},{"start":{"line":356,"column":9},"end":{"line":358,"column":null}}],"line":353},"59":{"loc":{"start":{"line":355,"column":15},"end":{"line":355,"column":null}},"type":"cond-expr","locations":[{"start":{"line":355,"column":31},"end":{"line":355,"column":38}},{"start":{"line":355,"column":38},"end":{"line":355,"column":null}}],"line":355},"60":{"loc":{"start":{"line":360,"column":2},"end":{"line":363,"column":null}},"type":"if","locations":[{"start":{"line":360,"column":2},"end":{"line":363,"column":null}},{"start":{},"end":{}}],"line":360},"61":{"loc":{"start":{"line":360,"column":6},"end":{"line":360,"column":42}},"type":"binary-expr","locations":[{"start":{"line":360,"column":6},"end":{"line":360,"column":22}},{"start":{"line":360,"column":22},"end":{"line":360,"column":31}},{"start":{"line":360,"column":31},"end":{"line":360,"column":42}}],"line":360},"62":{"loc":{"start":{"line":367,"column":2},"end":{"line":370,"column":null}},"type":"if","locations":[{"start":{"line":367,"column":2},"end":{"line":370,"column":null}},{"start":{},"end":{}}],"line":367},"63":{"loc":{"start":{"line":390,"column":2},"end":{"line":394,"column":null}},"type":"if","locations":[{"start":{"line":390,"column":2},"end":{"line":394,"column":null}},{"start":{},"end":{}}],"line":390},"64":{"loc":{"start":{"line":405,"column":4},"end":{"line":415,"column":null}},"type":"if","locations":[{"start":{"line":405,"column":4},"end":{"line":415,"column":null}},{"start":{},"end":{}}],"line":405},"65":{"loc":{"start":{"line":406,"column":6},"end":{"line":411,"column":null}},"type":"binary-expr","locations":[{"start":{"line":406,"column":6},"end":{"line":408,"column":null}},{"start":{"line":409,"column":6},"end":{"line":409,"column":null}},{"start":{"line":410,"column":6},"end":{"line":410,"column":null}},{"start":{"line":411,"column":6},"end":{"line":411,"column":null}}],"line":406},"66":{"loc":{"start":{"line":418,"column":2},"end":{"line":455,"column":null}},"type":"if","locations":[{"start":{"line":418,"column":2},"end":{"line":455,"column":null}},{"start":{"line":437,"column":9},"end":{"line":455,"column":null}}],"line":418},"67":{"loc":{"start":{"line":428,"column":6},"end":{"line":433,"column":null}},"type":"if","locations":[{"start":{"line":428,"column":6},"end":{"line":433,"column":null}},{"start":{"line":430,"column":13},"end":{"line":433,"column":null}}],"line":428},"68":{"loc":{"start":{"line":446,"column":6},"end":{"line":451,"column":null}},"type":"if","locations":[{"start":{"line":446,"column":6},"end":{"line":451,"column":null}},{"start":{"line":448,"column":13},"end":{"line":451,"column":null}}],"line":446}},"s":{"0":1,"1":1,"2":1,"3":0,"4":0,"5":1,"6":1,"7":1,"8":1,"9":1,"10":0,"11":1,"12":0,"13":0,"14":2,"15":0,"16":2,"17":0,"18":0,"19":0,"20":0,"21":0,"22":0,"23":0,"24":0,"25":2,"26":2,"27":2,"28":0,"29":2,"30":2,"31":2,"32":0,"33":2,"34":1,"35":1,"36":2,"37":2,"38":0,"39":0,"40":0,"41":0,"42":0,"43":0,"44":0,"45":0,"46":0,"47":0,"48":0,"49":0,"50":0,"51":0,"52":0,"53":2,"54":0,"55":2,"56":2,"57":2,"58":2,"59":2,"60":2,"61":2,"62":2,"63":2,"64":1,"65":1,"66":2,"67":1,"68":2,"69":2,"70":2,"71":2,"72":2,"73":1,"74":1,"75":1,"76":1,"77":1,"78":1,"79":2,"80":2,"81":2,"82":2,"83":2,"84":1,"85":2,"86":1,"87":1,"88":1,"89":1,"90":1,"91":1,"92":1,"93":1,"94":1,"95":1,"96":1,"97":1,"98":1,"99":1,"100":2,"101":2,"102":1,"103":1,"104":1,"105":1,"106":1,"107":1,"108":1,"109":1,"110":1,"111":1,"112":1,"113":0,"114":1,"115":1,"116":1,"117":1,"118":1,"119":1,"120":1,"121":2,"122":1,"123":1,"124":0,"125":0,"126":1,"127":1,"128":1,"129":1,"130":1,"131":1,"132":1,"133":1,"134":1,"135":1,"136":0,"137":1,"138":0,"139":0,"140":1,"141":1,"142":1,"143":1,"144":1,"145":1,"146":1,"147":1,"148":0,"149":0,"150":1,"151":0,"152":0,"153":0,"154":1,"155":1,"156":1,"157":1,"158":1,"159":1,"160":1,"161":1,"162":1,"163":1,"164":1,"165":1,"166":1,"167":0,"168":0,"169":0,"170":0,"171":0,"172":0,"173":0,"174":0,"175":0,"176":0},"f":{"0":1,"1":2,"2":0,"3":2,"4":2,"5":1},"b":{"0":[0,1],"1":[1,1],"2":[1,0,0],"3":[0,1],"4":[0,2],"5":[0,2],"6":[0,0],"7":[0,0],"8":[0,0],"9":[0,0,0],"10":[0,0],"11":[2,1],"12":[0,2],"13":[2,1],"14":[2,1],"15":[0,2],"16":[2,2],"17":[1,1],"18":[2,0],"19":[0,0],"20":[0,0],"21":[0,0,0],"22":[0,0],"23":[0,0,0],"24":[0,0],"25":[0,0,0],"26":[0,0],"27":[0,2],"28":[2,2],"29":[2,1],"30":[1,1],"31":[1,1],"32":[1,1],"33":[2,1,0],"34":[1,0],"35":[1,0],"36":[2,0],"37":[2,0],"38":[1,1],"39":[1,1],"40":[1,0,0],"41":[1,0],"42":[1,0],"43":[1,0],"44":[1,0],"45":[1,0],"46":[1,0],"47":[1,0],"48":[1,1],"49":[1,0,0],"50":[1,0],"51":[1,0],"52":[1,0],"53":[1,0],"54":[1,0],"55":[1,1],"56":[0,1],"57":[0,1],"58":[1,0],"59":[0,1],"60":[0,1],"61":[1,1,1],"62":[1,0],"63":[0,1],"64":[1,0],"65":[1,0,0,0],"66":[1,0],"67":[1,0],"68":[0,0]},"meta":{"lastBranch":69,"lastFunction":6,"lastStatement":177,"seen":{"f:32:22:32:69":0,"s:33:20:33:Infinity":0,"s:34:21:34:Infinity":1,"b:36:2:39:Infinity:undefined:undefined:undefined:undefined":0,"s:36:2:39:Infinity":2,"b:36:6:36:20:36:20:36:33":1,"s:37:4:37:Infinity":3,"s:38:4:38:Infinity":4,"s:41:2:54:Infinity":5,"s:42:25:42:Infinity":6,"s:43:31:43:Infinity":7,"s:45:21:45:Infinity":8,"b:45:21:45:51:45:51:45:74:45:74:45:Infinity":2,"b:47:4:49:Infinity:undefined:undefined:undefined:undefined":3,"s:47:4:49:Infinity":9,"s:48:6:48:Infinity":10,"s:50:4:50:Infinity":11,"s:52:4:52:Infinity":12,"s:53:4:53:Infinity":13,"f:64:16:64:Infinity":1,"b:67:2:69:Infinity:undefined:undefined:undefined:undefined":4,"s:67:2:69:Infinity":14,"s:68:4:68:Infinity":15,"b:72:2:98:Infinity:undefined:undefined:undefined:undefined":5,"s:72:2:98:Infinity":16,"s:73:25:73:Infinity":17,"b:75:4:88:Infinity:80:4:88:Infinity":6,"s:75:4:88:Infinity":18,"b:76:6:76:Infinity:77:6:77:Infinity":7,"s:79:6:79:Infinity":19,"b:80:4:88:Infinity:86:11:88:Infinity":8,"s:80:4:88:Infinity":20,"b:81:7:81:Infinity:82:8:82:Infinity:83:6:83:Infinity":9,"s:85:6:85:Infinity":21,"s:87:6:87:Infinity":22,"s:90:48:95:Infinity":23,"s:97:4:97:Infinity":24,"b:97:20:97:43:97:43:97:46":10,"s:101:15:101:Infinity":25,"s:104:29:104:Infinity":26,"b:104:29:104:68:104:68:104:Infinity":11,"b:105:2:122:Infinity:107:9:122:Infinity":12,"s:105:2:122:Infinity":27,"s:106:4:106:Infinity":28,"s:109:30:109:Infinity":29,"b:109:30:109:68:109:68:109:Infinity":13,"s:110:31:110:Infinity":30,"b:110:31:110:69:110:69:110:Infinity":14,"b:112:4:121:Infinity:117:4:121:Infinity":15,"s:112:4:121:Infinity":31,"b:113:6:113:Infinity:114:6:114:Infinity":16,"s:116:6:116:Infinity":32,"b:117:4:121:Infinity:119:11:121:Infinity":17,"s:117:4:121:Infinity":33,"s:118:6:118:Infinity":34,"s:120:6:120:Infinity":35,"s:125:46:130:Infinity":36,"s:132:2:132:Infinity":37,"b:132:18:132:41:132:41:132:44":18,"f:148:16:148:Infinity":2,"b:151:2:153:Infinity:undefined:undefined:undefined:undefined":19,"s:151:2:153:Infinity":38,"b:151:6:151:18:151:18:151:40":20,"s:152:4:152:Infinity":39,"s:156:2:161:Infinity":40,"s:157:19:157:Infinity":41,"b:157:19:157:36:157:36:157:58:157:58:157:Infinity":21,"b:158:4:160:Infinity:undefined:undefined:undefined:undefined":22,"s:158:4:160:Infinity":42,"s:159:6:159:Infinity":43,"s:164:2:169:Infinity":44,"s:165:19:165:Infinity":45,"b:165:19:165:36:165:36:165:58:165:58:165:Infinity":23,"b:166:4:168:Infinity:undefined:undefined:undefined:undefined":24,"s:166:4:168:Infinity":46,"s:167:6:167:Infinity":47,"s:172:2:177:Infinity":48,"s:173:19:173:Infinity":49,"b:173:19:173:36:173:36:173:58:173:58:173:Infinity":25,"b:174:4:176:Infinity:undefined:undefined:undefined:undefined":26,"s:174:4:176:Infinity":50,"s:175:6:175:Infinity":51,"s:180:2:180:Infinity":52,"f:191:16:191:Infinity":3,"b:195:2:197:Infinity:undefined:undefined:undefined:undefined":27,"s:195:2:197:Infinity":53,"b:195:6:195:25:195:25:195:61":28,"s:196:4:196:Infinity":54,"s:199:34:199:Infinity":55,"s:203:4:203:Infinity":56,"s:206:22:208:Infinity":57,"f:208:22:208:23":4,"s:208:29:208:44":58,"s:209:2:211:Infinity":59,"s:212:2:214:Infinity":60,"s:217:24:217:Infinity":61,"s:218:21:218:Infinity":62,"b:218:21:218:50:218:50:218:Infinity":29,"b:219:2:222:Infinity:undefined:undefined:undefined:undefined":30,"s:219:2:222:Infinity":63,"s:220:4:220:Infinity":64,"s:221:4:221:Infinity":65,"b:225:2:227:Infinity:undefined:undefined:undefined:undefined":31,"s:225:2:227:Infinity":66,"s:226:4:226:Infinity":67,"s:229:2:229:Infinity":68,"s:230:2:230:Infinity":69,"s:231:2:231:Infinity":70,"s:234:25:234:Infinity":71,"b:235:2:256:Infinity:undefined:undefined:undefined:undefined":32,"s:235:2:256:Infinity":72,"b:236:4:236:Infinity:237:5:237:44:237:44:237:Infinity":33,"s:239:4:239:Infinity":73,"s:240:4:240:Infinity":74,"s:241:4:241:Infinity":75,"s:243:21:243:Infinity":76,"b:243:21:243:48:243:48:243:Infinity":34,"b:244:4:253:Infinity:undefined:undefined:undefined:undefined":35,"s:244:4:253:Infinity":77,"s:245:6:252:Infinity":78,"s:246:21:246:Infinity":79,"b:246:21:246:37:246:37:246:Infinity":36,"s:247:30:247:Infinity":80,"b:247:30:247:48:247:48:247:Infinity":37,"s:248:27:248:Infinity":81,"b:248:57:248:63:248:63:248:Infinity":38,"s:250:27:250:Infinity":82,"s:251:8:251:Infinity":83,"s:255:4:255:Infinity":84,"b:259:2:286:Infinity:undefined:undefined:undefined:undefined":39,"s:259:2:286:Infinity":85,"s:260:10:263:Infinity":86,"b:260:10:261:Infinity:262:6:262:Infinity:263:6:263:Infinity":40,"b:265:4:285:Infinity:undefined:undefined:undefined:undefined":41,"s:265:4:285:Infinity":87,"s:266:6:266:Infinity":88,"s:268:29:268:Infinity":89,"b:268:29:268:62:268:62:268:Infinity":42,"b:269:6:273:Infinity:undefined:undefined:undefined:undefined":43,"s:269:6:273:Infinity":90,"s:270:8:272:Infinity":91,"s:271:10:271:Infinity":92,"s:275:30:275:Infinity":93,"b:275:30:275:64:275:64:275:Infinity":44,"b:276:6:278:Infinity:undefined:undefined:undefined:undefined":45,"s:276:6:278:Infinity":94,"s:277:8:277:Infinity":95,"s:280:31:280:Infinity":96,"b:280:31:280:59:280:59:280:Infinity":46,"b:281:6:283:Infinity:undefined:undefined:undefined:undefined":47,"s:281:6:283:Infinity":97,"s:282:8:282:Infinity":98,"s:284:6:284:Infinity":99,"s:289:21:289:Infinity":100,"b:290:2:325:Infinity:undefined:undefined:undefined:undefined":48,"s:290:2:325:Infinity":101,"s:292:6:294:Infinity":102,"b:292:6:292:Infinity:293:6:293:Infinity:294:6:294:Infinity":49,"b:296:4:324:Infinity:undefined:undefined:undefined:undefined":50,"s:296:4:324:Infinity":103,"s:297:6:297:Infinity":104,"s:299:27:299:Infinity":105,"b:299:27:299:55:299:55:299:Infinity":51,"b:300:6:302:Infinity:undefined:undefined:undefined:undefined":52,"s:300:6:302:Infinity":106,"s:301:8:301:Infinity":107,"s:304:21:304:Infinity":108,"b:304:21:304:42:304:42:304:Infinity":53,"b:305:6:307:Infinity:undefined:undefined:undefined:undefined":54,"s:305:6:307:Infinity":109,"s:306:8:306:Infinity":110,"s:309:28:309:Infinity":111,"b:309:28:309:57:309:57:309:Infinity":55,"b:310:6:312:Infinity:undefined:undefined:undefined:undefined":56,"s:310:6:312:Infinity":112,"s:311:8:311:Infinity":113,"s:313:6:313:Infinity":114,"s:316:6:316:Infinity":115,"s:317:6:319:Infinity":116,"s:320:6:320:Infinity":117,"s:321:6:321:Infinity":118,"s:322:6:322:Infinity":119,"s:323:6:323:Infinity":120,"s:327:2:327:Infinity":121,"f:336:22:336:36":5,"s:338:8:338:Infinity":122,"b:339:2:342:Infinity:undefined:undefined:undefined:undefined":57,"s:339:2:342:Infinity":123,"s:340:4:340:Infinity":124,"s:341:4:341:Infinity":125,"s:344:15:344:Infinity":126,"s:345:22:345:Infinity":127,"s:346:16:346:Infinity":128,"s:348:2:348:Infinity":129,"s:349:2:349:Infinity":130,"s:350:2:350:Infinity":131,"s:352:32:352:Infinity":132,"b:353:2:358:Infinity:356:9:358:Infinity":58,"s:353:2:358:Infinity":133,"s:354:19:354:Infinity":134,"s:355:4:355:Infinity":135,"b:355:31:355:38:355:38:355:Infinity":59,"s:357:4:357:Infinity":136,"b:360:2:363:Infinity:undefined:undefined:undefined:undefined":60,"s:360:2:363:Infinity":137,"b:360:6:360:22:360:22:360:31:360:31:360:42":61,"s:361:4:361:Infinity":138,"s:362:4:362:Infinity":139,"s:366:21:366:Infinity":140,"b:367:2:370:Infinity:undefined:undefined:undefined:undefined":62,"s:367:2:370:Infinity":141,"s:368:25:368:Infinity":142,"s:369:4:369:Infinity":143,"s:373:18:377:Infinity":144,"s:380:22:380:Infinity":145,"s:383:2:388:Infinity":146,"s:384:4:384:Infinity":147,"s:386:4:386:Infinity":148,"s:387:4:387:Infinity":149,"b:390:2:394:Infinity:undefined:undefined:undefined:undefined":63,"s:390:2:394:Infinity":150,"s:391:22:391:Infinity":151,"s:392:4:392:Infinity":152,"s:393:4:393:Infinity":153,"s:396:20:396:Infinity":154,"s:400:41:400:Infinity":155,"s:403:2:416:Infinity":156,"s:404:17:404:Infinity":157,"b:405:4:415:Infinity:undefined:undefined:undefined:undefined":64,"s:405:4:415:Infinity":158,"b:406:6:408:Infinity:409:6:409:Infinity:410:6:410:Infinity:411:6:411:Infinity":65,"s:413:6:413:Infinity":159,"s:414:6:414:Infinity":160,"b:418:2:455:Infinity:437:9:455:Infinity":66,"s:418:2:455:Infinity":161,"s:420:22:420:Infinity":162,"s:421:4:436:Infinity":163,"s:422:6:426:Infinity":164,"b:428:6:433:Infinity:430:13:433:Infinity":67,"s:428:6:433:Infinity":165,"s:429:8:429:Infinity":166,"s:431:26:431:Infinity":167,"s:432:8:432:Infinity":168,"s:435:6:435:Infinity":169,"s:439:4:454:Infinity":170,"s:440:6:444:Infinity":171,"b:446:6:451:Infinity:448:13:451:Infinity":68,"s:446:6:451:Infinity":172,"s:447:8:447:Infinity":173,"s:449:26:449:Infinity":174,"s:450:8:450:Infinity":175,"s:453:6:453:Infinity":176}}}
,"/Users/joaogarin/nevinbuilds/bruniai/src/github/pr-metadata.ts": {"path":"/Users/joaogarin/nevinbuilds/bruniai/src/github/pr-metadata.ts","statementMap":{"0":{"start":{"line":33,"column":8},"end":{"line":33,"column":null}},"1":{"start":{"line":34,"column":2},"end":{"line":37,"column":null}},"2":{"start":{"line":35,"column":4},"end":{"line":35,"column":null}},"3":{"start":{"line":36,"column":4},"end":{"line":36,"column":null}},"4":{"start":{"line":39,"column":15},"end":{"line":39,"column":null}},"5":{"start":{"line":40,"column":22},"end":{"line":40,"column":null}},"6":{"start":{"line":41,"column":32},"end":{"line":41,"column":null}},"7":{"start":{"line":43,"column":2},"end":{"line":48,"column":null}},"8":{"start":{"line":44,"column":19},"end":{"line":44,"column":null}},"9":{"start":{"line":45,"column":4},"end":{"line":45,"column":null}},"10":{"start":{"line":47,"column":4},"end":{"line":47,"column":null}},"11":{"start":{"line":50,"column":2},"end":{"line":55,"column":null}},"12":{"start":{"line":51,"column":4},"end":{"line":53,"column":null}},"13":{"start":{"line":54,"column":4},"end":{"line":54,"column":null}},"14":{"start":{"line":57,"column":18},"end":{"line":60,"column":null}},"15":{"start":{"line":62,"column":14},"end":{"line":62,"column":null}},"16":{"start":{"line":64,"column":2},"end":{"line":83,"column":null}},"17":{"start":{"line":65,"column":21},"end":{"line":65,"column":null}},"18":{"start":{"line":67,"column":4},"end":{"line":79,"column":null}},"19":{"start":{"line":68,"column":20},"end":{"line":68,"column":null}},"20":{"start":{"line":69,"column":6},"end":{"line":72,"column":null}},"21":{"start":{"line":74,"column":24},"end":{"line":74,"column":null}},"22":{"start":{"line":75,"column":6},"end":{"line":77,"column":null}},"23":{"start":{"line":78,"column":6},"end":{"line":78,"column":null}},"24":{"start":{"line":81,"column":4},"end":{"line":81,"column":null}},"25":{"start":{"line":82,"column":4},"end":{"line":82,"column":null}}},"fnMap":{"0":{"name":"fetchPrMetadata","decl":{"start":{"line":31,"column":22},"end":{"line":31,"column":61}},"loc":{"start":{"line":31,"column":61},"end":{"line":84,"column":null}},"line":31}},"branchMap":{"0":{"loc":{"start":{"line":34,"column":2},"end":{"line":37,"column":null}},"type":"if","locations":[{"start":{"line":34,"column":2},"end":{"line":37,"column":null}},{"start":{},"end":{}}],"line":34},"1":{"loc":{"start":{"line":43,"column":2},"end":{"line":48,"column":null}},"type":"if","locations":[{"start":{"line":43,"column":2},"end":{"line":48,"column":null}},{"start":{"line":46,"column":9},"end":{"line":48,"column":null}}],"line":43},"2":{"loc":{"start":{"line":45,"column":15},"end":{"line":45,"column":null}},"type":"cond-expr","locations":[{"start":{"line":45,"column":31},"end":{"line":45,"column":38}},{"start":{"line":45,"column":38},"end":{"line":45,"column":null}}],"line":45},"3":{"loc":{"start":{"line":50,"column":2},"end":{"line":55,"column":null}},"type":"if","locations":[{"start":{"line":50,"column":2},"end":{"line":55,"column":null}},{"start":{},"end":{}}],"line":50},"4":{"loc":{"start":{"line":50,"column":6},"end":{"line":50,"column":42}},"type":"binary-expr","locations":[{"start":{"line":50,"column":6},"end":{"line":50,"column":22}},{"start":{"line":50,"column":22},"end":{"line":50,"column":31}},{"start":{"line":50,"column":31},"end":{"line":50,"column":42}}],"line":50},"5":{"loc":{"start":{"line":67,"column":4},"end":{"line":79,"column":null}},"type":"if","locations":[{"start":{"line":67,"column":4},"end":{"line":79,"column":null}},{"start":{"line":73,"column":11},"end":{"line":79,"column":null}}],"line":67},"6":{"loc":{"start":{"line":70,"column":15},"end":{"line":70,"column":null}},"type":"binary-expr","locations":[{"start":{"line":70,"column":15},"end":{"line":70,"column":29}},{"start":{"line":70,"column":29},"end":{"line":70,"column":null}}],"line":70},"7":{"loc":{"start":{"line":71,"column":21},"end":{"line":71,"column":null}},"type":"binary-expr","locations":[{"start":{"line":71,"column":21},"end":{"line":71,"column":34}},{"start":{"line":71,"column":34},"end":{"line":71,"column":null}}],"line":71}},"s":{"0":1,"1":1,"2":0,"3":0,"4":1,"5":1,"6":1,"7":1,"8":1,"9":1,"10":0,"11":1,"12":0,"13":0,"14":1,"15":1,"16":1,"17":1,"18":1,"19":1,"20":1,"21":0,"22":0,"23":0,"24":0,"25":0},"f":{"0":1},"b":{"0":[0,1],"1":[1,0],"2":[0,1],"3":[0,1],"4":[1,1,1],"5":[1,0],"6":[1,0],"7":[1,0]},"meta":{"lastBranch":8,"lastFunction":1,"lastStatement":26,"seen":{"f:31:22:31:61":0,"s:33:8:33:Infinity":0,"b:34:2:37:Infinity:undefined:undefined:undefined:undefined":0,"s:34:2:37:Infinity":1,"s:35:4:35:Infinity":2,"s:36:4:36:Infinity":3,"s:39:15:39:Infinity":4,"s:40:22:40:Infinity":5,"s:41:32:41:Infinity":6,"b:43:2:48:Infinity:46:9:48:Infinity":1,"s:43:2:48:Infinity":7,"s:44:19:44:Infinity":8,"s:45:4:45:Infinity":9,"b:45:31:45:38:45:38:45:Infinity":2,"s:47:4:47:Infinity":10,"b:50:2:55:Infinity:undefined:undefined:undefined:undefined":3,"s:50:2:55:Infinity":11,"b:50:6:50:22:50:22:50:31:50:31:50:42":4,"s:51:4:53:Infinity":12,"s:54:4:54:Infinity":13,"s:57:18:60:Infinity":14,"s:62:14:62:Infinity":15,"s:64:2:83:Infinity":16,"s:65:21:65:Infinity":17,"b:67:4:79:Infinity:73:11:79:Infinity":5,"s:67:4:79:Infinity":18,"s:68:20:68:Infinity":19,"s:69:6:72:Infinity":20,"b:70:15:70:29:70:29:70:Infinity":6,"b:71:21:71:34:71:34:71:Infinity":7,"s:74:24:74:Infinity":21,"s:75:6:77:Infinity":22,"s:78:6:78:Infinity":23,"s:81:4:81:Infinity":24,"s:82:4:82:Infinity":25}}}
,"/Users/joaogarin/nevinbuilds/bruniai/src/reporter/report-generator.ts": {"path":"/Users/joaogarin/nevinbuilds/bruniai/src/reporter/report-generator.ts","statementMap":{"0":{"start":{"line":22,"column":2},"end":{"line":24,"column":null}},"1":{"start":{"line":23,"column":4},"end":{"line":23,"column":null}},"2":{"start":{"line":26,"column":2},"end":{"line":46,"column":null}},"3":{"start":{"line":31,"column":25},"end":{"line":31,"column":null}},"4":{"start":{"line":32,"column":4},"end":{"line":45,"column":null}},"5":{"start":{"line":36,"column":6},"end":{"line":36,"column":null}},"6":{"start":{"line":37,"column":4},"end":{"line":45,"column":null}},"7":{"start":{"line":42,"column":6},"end":{"line":42,"column":null}},"8":{"start":{"line":44,"column":6},"end":{"line":44,"column":null}},"9":{"start":{"line":49,"column":38},"end":{"line":49,"column":null}},"10":{"start":{"line":51,"column":19},"end":{"line":51,"column":null}},"11":{"start":{"line":54,"column":29},"end":{"line":54,"column":null}},"12":{"start":{"line":55,"column":2},"end":{"line":72,"column":null}},"13":{"start":{"line":56,"column":4},"end":{"line":56,"column":null}},"14":{"start":{"line":59,"column":30},"end":{"line":59,"column":null}},"15":{"start":{"line":60,"column":31},"end":{"line":60,"column":null}},"16":{"start":{"line":62,"column":4},"end":{"line":71,"column":null}},"17":{"start":{"line":66,"column":6},"end":{"line":66,"column":null}},"18":{"start":{"line":67,"column":4},"end":{"line":71,"column":null}},"19":{"start":{"line":68,"column":6},"end":{"line":68,"column":null}},"20":{"start":{"line":70,"column":6},"end":{"line":70,"column":null}},"21":{"start":{"line":74,"column":2},"end":{"line":74,"column":null}},"22":{"start":{"line":104,"column":29},"end":{"line":108,"column":null}},"23":{"start":{"line":111,"column":32},"end":{"line":111,"column":null}},"24":{"start":{"line":113,"column":2},"end":{"line":230,"column":null}},"25":{"start":{"line":115,"column":6},"end":{"line":115,"column":null}},"26":{"start":{"line":118,"column":4},"end":{"line":118,"column":null}},"27":{"start":{"line":119,"column":25},"end":{"line":119,"column":null}},"28":{"start":{"line":122,"column":6},"end":{"line":122,"column":null}},"29":{"start":{"line":127,"column":4},"end":{"line":154,"column":null}},"30":{"start":{"line":132,"column":6},"end":{"line":132,"column":null}},"31":{"start":{"line":135,"column":6},"end":{"line":153,"column":null}},"32":{"start":{"line":158,"column":6},"end":{"line":162,"column":null}},"33":{"start":{"line":164,"column":25},"end":{"line":164,"column":null}},"34":{"start":{"line":167,"column":51},"end":{"line":167,"column":null}},"35":{"start":{"line":168,"column":4},"end":{"line":174,"column":null}},"36":{"start":{"line":169,"column":6},"end":{"line":169,"column":null}},"37":{"start":{"line":170,"column":4},"end":{"line":174,"column":null}},"38":{"start":{"line":171,"column":6},"end":{"line":171,"column":null}},"39":{"start":{"line":172,"column":4},"end":{"line":174,"column":null}},"40":{"start":{"line":173,"column":6},"end":{"line":173,"column":null}},"41":{"start":{"line":177,"column":49},"end":{"line":177,"column":null}},"42":{"start":{"line":178,"column":4},"end":{"line":187,"column":null}},"43":{"start":{"line":179,"column":6},"end":{"line":179,"column":null}},"44":{"start":{"line":180,"column":4},"end":{"line":187,"column":null}},"45":{"start":{"line":184,"column":6},"end":{"line":184,"column":null}},"46":{"start":{"line":185,"column":4},"end":{"line":187,"column":null}},"47":{"start":{"line":186,"column":6},"end":{"line":186,"column":null}},"48":{"start":{"line":190,"column":51},"end":{"line":190,"column":null}},"49":{"start":{"line":191,"column":4},"end":{"line":195,"column":null}},"50":{"start":{"line":192,"column":6},"end":{"line":192,"column":null}},"51":{"start":{"line":193,"column":4},"end":{"line":195,"column":null}},"52":{"start":{"line":194,"column":6},"end":{"line":194,"column":null}},"53":{"start":{"line":198,"column":35},"end":{"line":227,"column":null}},"54":{"start":{"line":229,"column":4},"end":{"line":229,"column":null}},"55":{"start":{"line":232,"column":2},"end":{"line":235,"column":null}}},"fnMap":{"0":{"name":"determineStatusFromVisualAnalysis","decl":{"start":{"line":19,"column":16},"end":{"line":19,"column":null}},"loc":{"start":{"line":21,"column":25},"end":{"line":75,"column":null}},"line":21},"1":{"name":"parseMultiPageAnalysisResults","decl":{"start":{"line":91,"column":16},"end":{"line":91,"column":null}},"loc":{"start":{"line":102,"column":23},"end":{"line":236,"column":null}},"line":102}},"branchMap":{"0":{"loc":{"start":{"line":22,"column":2},"end":{"line":24,"column":null}},"type":"if","locations":[{"start":{"line":22,"column":2},"end":{"line":24,"column":null}},{"start":{},"end":{}}],"line":22},"1":{"loc":{"start":{"line":26,"column":2},"end":{"line":46,"column":null}},"type":"if","locations":[{"start":{"line":26,"column":2},"end":{"line":46,"column":null}},{"start":{},"end":{}}],"line":26},"2":{"loc":{"start":{"line":27,"column":4},"end":{"line":28,"column":null}},"type":"binary-expr","locations":[{"start":{"line":27,"column":4},"end":{"line":27,"column":null}},{"start":{"line":28,"column":4},"end":{"line":28,"column":null}}],"line":27},"3":{"loc":{"start":{"line":32,"column":4},"end":{"line":45,"column":null}},"type":"if","locations":[{"start":{"line":32,"column":4},"end":{"line":45,"column":null}},{"start":{"line":37,"column":4},"end":{"line":45,"column":null}}],"line":32},"4":{"loc":{"start":{"line":33,"column":6},"end":{"line":34,"column":null}},"type":"binary-expr","locations":[{"start":{"line":33,"column":6},"end":{"line":33,"column":null}},{"start":{"line":34,"column":6},"end":{"line":34,"column":null}}],"line":33},"5":{"loc":{"start":{"line":37,"column":4},"end":{"line":45,"column":null}},"type":"if","locations":[{"start":{"line":37,"column":4},"end":{"line":45,"column":null}},{"start":{"line":43,"column":11},"end":{"line":45,"column":null}}],"line":37},"6":{"loc":{"start":{"line":38,"column":7},"end":{"line":40,"column":null}},"type":"binary-expr","locations":[{"start":{"line":38,"column":7},"end":{"line":38,"column":null}},{"start":{"line":39,"column":8},"end":{"line":39,"column":null}},{"start":{"line":40,"column":6},"end":{"line":40,"column":null}}],"line":38},"7":{"loc":{"start":{"line":54,"column":29},"end":{"line":54,"column":null}},"type":"binary-expr","locations":[{"start":{"line":54,"column":29},"end":{"line":54,"column":62}},{"start":{"line":54,"column":62},"end":{"line":54,"column":null}}],"line":54},"8":{"loc":{"start":{"line":55,"column":2},"end":{"line":72,"column":null}},"type":"if","locations":[{"start":{"line":55,"column":2},"end":{"line":72,"column":null}},{"start":{"line":57,"column":9},"end":{"line":72,"column":null}}],"line":55},"9":{"loc":{"start":{"line":59,"column":30},"end":{"line":59,"column":null}},"type":"binary-expr","locations":[{"start":{"line":59,"column":30},"end":{"line":59,"column":62}},{"start":{"line":59,"column":62},"end":{"line":59,"column":null}}],"line":59},"10":{"loc":{"start":{"line":60,"column":31},"end":{"line":60,"column":null}},"type":"binary-expr","locations":[{"start":{"line":60,"column":31},"end":{"line":60,"column":63}},{"start":{"line":60,"column":63},"end":{"line":60,"column":null}}],"line":60},"11":{"loc":{"start":{"line":62,"column":4},"end":{"line":71,"column":null}},"type":"if","locations":[{"start":{"line":62,"column":4},"end":{"line":71,"column":null}},{"start":{"line":67,"column":4},"end":{"line":71,"column":null}}],"line":62},"12":{"loc":{"start":{"line":63,"column":6},"end":{"line":64,"column":null}},"type":"binary-expr","locations":[{"start":{"line":63,"column":6},"end":{"line":63,"column":null}},{"start":{"line":64,"column":6},"end":{"line":64,"column":null}}],"line":63},"13":{"loc":{"start":{"line":67,"column":4},"end":{"line":71,"column":null}},"type":"if","locations":[{"start":{"line":67,"column":4},"end":{"line":71,"column":null}},{"start":{"line":69,"column":11},"end":{"line":71,"column":null}}],"line":67},"14":{"loc":{"start":{"line":122,"column":6},"end":{"line":122,"column":null}},"type":"cond-expr","locations":[{"start":{"line":122,"column":32},"end":{"line":122,"column":41}},{"start":{"line":122,"column":41},"end":{"line":122,"column":null}}],"line":122},"15":{"loc":{"start":{"line":127,"column":4},"end":{"line":154,"column":null}},"type":"if","locations":[{"start":{"line":127,"column":4},"end":{"line":154,"column":null}},{"start":{"line":133,"column":11},"end":{"line":154,"column":null}}],"line":127},"16":{"loc":{"start":{"line":128,"column":6},"end":{"line":130,"column":null}},"type":"binary-expr","locations":[{"start":{"line":128,"column":6},"end":{"line":128,"column":null}},{"start":{"line":129,"column":6},"end":{"line":129,"column":null}},{"start":{"line":130,"column":6},"end":{"line":130,"column":null}}],"line":128},"17":{"loc":{"start":{"line":158,"column":6},"end":{"line":162,"column":null}},"type":"cond-expr","locations":[{"start":{"line":161,"column":11},"end":{"line":161,"column":null}},{"start":{"line":162,"column":10},"end":{"line":162,"column":null}}],"line":158},"18":{"loc":{"start":{"line":158,"column":6},"end":{"line":160,"column":null}},"type":"binary-expr","locations":[{"start":{"line":158,"column":6},"end":{"line":158,"column":null}},{"start":{"line":159,"column":6},"end":{"line":159,"column":null}},{"start":{"line":160,"column":6},"end":{"line":160,"column":null}}],"line":158},"19":{"loc":{"start":{"line":168,"column":4},"end":{"line":174,"column":null}},"type":"if","locations":[{"start":{"line":168,"column":4},"end":{"line":174,"column":null}},{"start":{"line":170,"column":4},"end":{"line":174,"column":null}}],"line":168},"20":{"loc":{"start":{"line":170,"column":4},"end":{"line":174,"column":null}},"type":"if","locations":[{"start":{"line":170,"column":4},"end":{"line":174,"column":null}},{"start":{"line":172,"column":4},"end":{"line":174,"column":null}}],"line":170},"21":{"loc":{"start":{"line":172,"column":4},"end":{"line":174,"column":null}},"type":"if","locations":[{"start":{"line":172,"column":4},"end":{"line":174,"column":null}},{"start":{},"end":{}}],"line":172},"22":{"loc":{"start":{"line":178,"column":4},"end":{"line":187,"column":null}},"type":"if","locations":[{"start":{"line":178,"column":4},"end":{"line":187,"column":null}},{"start":{"line":180,"column":4},"end":{"line":187,"column":null}}],"line":178},"23":{"loc":{"start":{"line":180,"column":4},"end":{"line":187,"column":null}},"type":"if","locations":[{"start":{"line":180,"column":4},"end":{"line":187,"column":null}},{"start":{"line":185,"column":4},"end":{"line":187,"column":null}}],"line":180},"24":{"loc":{"start":{"line":181,"column":6},"end":{"line":182,"column":null}},"type":"binary-expr","locations":[{"start":{"line":181,"column":6},"end":{"line":181,"column":null}},{"start":{"line":182,"column":6},"end":{"line":182,"column":null}}],"line":181},"25":{"loc":{"start":{"line":185,"column":4},"end":{"line":187,"column":null}},"type":"if","locations":[{"start":{"line":185,"column":4},"end":{"line":187,"column":null}},{"start":{},"end":{}}],"line":185},"26":{"loc":{"start":{"line":191,"column":4},"end":{"line":195,"column":null}},"type":"if","locations":[{"start":{"line":191,"column":4},"end":{"line":195,"column":null}},{"start":{"line":193,"column":4},"end":{"line":195,"column":null}}],"line":191},"27":{"loc":{"start":{"line":193,"column":4},"end":{"line":195,"column":null}},"type":"if","locations":[{"start":{"line":193,"column":4},"end":{"line":195,"column":null}},{"start":{},"end":{}}],"line":193},"28":{"loc":{"start":{"line":203,"column":23},"end":{"line":206,"column":null}},"type":"binary-expr","locations":[{"start":{"line":203,"column":23},"end":{"line":203,"column":55}},{"start":{"line":203,"column":55},"end":{"line":206,"column":null}}],"line":203},"29":{"loc":{"start":{"line":208,"column":27},"end":{"line":212,"column":null}},"type":"binary-expr","locations":[{"start":{"line":208,"column":27},"end":{"line":208,"column":63}},{"start":{"line":208,"column":63},"end":{"line":212,"column":null}}],"line":208},"30":{"loc":{"start":{"line":213,"column":22},"end":{"line":217,"column":null}},"type":"binary-expr","locations":[{"start":{"line":213,"column":22},"end":{"line":213,"column":53}},{"start":{"line":213,"column":53},"end":{"line":217,"column":null}}],"line":213},"31":{"loc":{"start":{"line":220,"column":18},"end":{"line":225,"column":null}},"type":"binary-expr","locations":[{"start":{"line":220,"column":18},"end":{"line":220,"column":45}},{"start":{"line":220,"column":45},"end":{"line":225,"column":null}}],"line":220},"32":{"loc":{"start":{"line":226,"column":18},"end":{"line":226,"column":null}},"type":"binary-expr","locations":[{"start":{"line":226,"column":18},"end":{"line":226,"column":32}},{"start":{"line":226,"column":32},"end":{"line":226,"column":null}}],"line":226}},"s":{"0":18,"1":0,"2":18,"3":3,"4":3,"5":1,"6":2,"7":1,"8":1,"9":15,"10":15,"11":15,"12":18,"13":4,"14":11,"15":11,"16":11,"17":4,"18":7,"19":3,"20":4,"21":15,"22":18,"23":18,"24":18,"25":18,"26":18,"27":18,"28":18,"29":18,"30":15,"31":3,"32":18,"33":18,"34":18,"35":18,"36":12,"37":6,"38":1,"39":5,"40":0,"41":18,"42":18,"43":11,"44":7,"45":1,"46":6,"47":0,"48":18,"49":18,"50":11,"51":7,"52":0,"53":18,"54":18,"55":18},"f":{"0":18,"1":18},"b":{"0":[0,18],"1":[3,15],"2":[18,15],"3":[1,2],"4":[3,2],"5":[1,1],"6":[2,2,1],"7":[15,3],"8":[4,11],"9":[11,3],"10":[11,3],"11":[4,7],"12":[11,8],"13":[3,4],"14":[0,18],"15":[15,3],"16":[18,15,15],"17":[15,3],"18":[18,15,15],"19":[12,6],"20":[1,5],"21":[0,5],"22":[11,7],"23":[1,6],"24":[7,2],"25":[0,6],"26":[11,7],"27":[0,7],"28":[18,0],"29":[18,0],"30":[18,0],"31":[18,0],"32":[18,17]},"meta":{"lastBranch":33,"lastFunction":2,"lastStatement":56,"seen":{"f:19:16:19:Infinity":0,"b:22:2:24:Infinity:undefined:undefined:undefined:undefined":0,"s:22:2:24:Infinity":0,"s:23:4:23:Infinity":1,"b:26:2:46:Infinity:undefined:undefined:undefined:undefined":1,"s:26:2:46:Infinity":2,"b:27:4:27:Infinity:28:4:28:Infinity":2,"s:31:25:31:Infinity":3,"b:32:4:45:Infinity:37:4:45:Infinity":3,"s:32:4:45:Infinity":4,"b:33:6:33:Infinity:34:6:34:Infinity":4,"s:36:6:36:Infinity":5,"b:37:4:45:Infinity:43:11:45:Infinity":5,"s:37:4:45:Infinity":6,"b:38:7:38:Infinity:39:8:39:Infinity:40:6:40:Infinity":6,"s:42:6:42:Infinity":7,"s:44:6:44:Infinity":8,"s:49:38:49:Infinity":9,"s:51:19:51:Infinity":10,"s:54:29:54:Infinity":11,"b:54:29:54:62:54:62:54:Infinity":7,"b:55:2:72:Infinity:57:9:72:Infinity":8,"s:55:2:72:Infinity":12,"s:56:4:56:Infinity":13,"s:59:30:59:Infinity":14,"b:59:30:59:62:59:62:59:Infinity":9,"s:60:31:60:Infinity":15,"b:60:31:60:63:60:63:60:Infinity":10,"b:62:4:71:Infinity:67:4:71:Infinity":11,"s:62:4:71:Infinity":16,"b:63:6:63:Infinity:64:6:64:Infinity":12,"s:66:6:66:Infinity":17,"b:67:4:71:Infinity:69:11:71:Infinity":13,"s:67:4:71:Infinity":18,"s:68:6:68:Infinity":19,"s:70:6:70:Infinity":20,"s:74:2:74:Infinity":21,"f:91:16:91:Infinity":1,"s:104:29:108:Infinity":22,"s:111:32:111:Infinity":23,"s:113:2:230:Infinity":24,"s:115:6:115:Infinity":25,"s:118:4:118:Infinity":26,"s:119:25:119:Infinity":27,"s:122:6:122:Infinity":28,"b:122:32:122:41:122:41:122:Infinity":14,"b:127:4:154:Infinity:133:11:154:Infinity":15,"s:127:4:154:Infinity":29,"b:128:6:128:Infinity:129:6:129:Infinity:130:6:130:Infinity":16,"s:132:6:132:Infinity":30,"s:135:6:153:Infinity":31,"s:158:6:162:Infinity":32,"b:161:11:161:Infinity:162:10:162:Infinity":17,"b:158:6:158:Infinity:159:6:159:Infinity:160:6:160:Infinity":18,"s:164:25:164:Infinity":33,"s:167:51:167:Infinity":34,"b:168:4:174:Infinity:170:4:174:Infinity":19,"s:168:4:174:Infinity":35,"s:169:6:169:Infinity":36,"b:170:4:174:Infinity:172:4:174:Infinity":20,"s:170:4:174:Infinity":37,"s:171:6:171:Infinity":38,"b:172:4:174:Infinity:undefined:undefined:undefined:undefined":21,"s:172:4:174:Infinity":39,"s:173:6:173:Infinity":40,"s:177:49:177:Infinity":41,"b:178:4:187:Infinity:180:4:187:Infinity":22,"s:178:4:187:Infinity":42,"s:179:6:179:Infinity":43,"b:180:4:187:Infinity:185:4:187:Infinity":23,"s:180:4:187:Infinity":44,"b:181:6:181:Infinity:182:6:182:Infinity":24,"s:184:6:184:Infinity":45,"b:185:4:187:Infinity:undefined:undefined:undefined:undefined":25,"s:185:4:187:Infinity":46,"s:186:6:186:Infinity":47,"s:190:51:190:Infinity":48,"b:191:4:195:Infinity:193:4:195:Infinity":26,"s:191:4:195:Infinity":49,"s:192:6:192:Infinity":50,"b:193:4:195:Infinity:undefined:undefined:undefined:undefined":27,"s:193:4:195:Infinity":51,"s:194:6:194:Infinity":52,"s:198:35:227:Infinity":53,"b:203:23:203:55:203:55:206:Infinity":28,"b:208:27:208:63:208:63:212:Infinity":29,"b:213:22:213:53:213:53:217:Infinity":30,"b:220:18:220:45:220:45:225:Infinity":31,"b:226:18:226:32:226:32:226:Infinity":32,"s:229:4:229:Infinity":54,"s:232:2:235:Infinity":55}}}
,"/Users/joaogarin/nevinbuilds/bruniai/src/reporter/reporter.ts": {"path":"/Users/joaogarin/nevinbuilds/bruniai/src/reporter/reporter.ts","statementMap":{"0":{"start":{"line":17,"column":4},"end":{"line":17,"column":null}},"1":{"start":{"line":18,"column":4},"end":{"line":18,"column":null}},"2":{"start":{"line":19,"column":4},"end":{"line":19,"column":null}},"3":{"start":{"line":32,"column":4},"end":{"line":37,"column":null}},"4":{"start":{"line":33,"column":6},"end":{"line":35,"column":null}},"5":{"start":{"line":36,"column":6},"end":{"line":36,"column":null}},"6":{"start":{"line":40,"column":25},"end":{"line":40,"column":null}},"7":{"start":{"line":41,"column":20},"end":{"line":41,"column":null}},"8":{"start":{"line":42,"column":39},"end":{"line":42,"column":null}},"9":{"start":{"line":43,"column":4},"end":{"line":45,"column":null}},"10":{"start":{"line":43,"column":17},"end":{"line":43,"column":20}},"11":{"start":{"line":44,"column":6},"end":{"line":44,"column":null}},"12":{"start":{"line":47,"column":53},"end":{"line":47,"column":null}},"13":{"start":{"line":48,"column":32},"end":{"line":48,"column":null}},"14":{"start":{"line":50,"column":4},"end":{"line":117,"column":null}},"15":{"start":{"line":50,"column":26},"end":{"line":50,"column":29}},"16":{"start":{"line":51,"column":20},"end":{"line":51,"column":null}},"17":{"start":{"line":52,"column":6},"end":{"line":56,"column":null}},"18":{"start":{"line":59,"column":43},"end":{"line":64,"column":null}},"19":{"start":{"line":67,"column":6},"end":{"line":69,"column":null}},"20":{"start":{"line":68,"column":8},"end":{"line":68,"column":null}},"21":{"start":{"line":71,"column":6},"end":{"line":116,"column":null}},"22":{"start":{"line":72,"column":25},"end":{"line":79,"column":null}},"23":{"start":{"line":82,"column":29},"end":{"line":82,"column":null}},"24":{"start":{"line":84,"column":8},"end":{"line":89,"column":null}},"25":{"start":{"line":85,"column":10},"end":{"line":85,"column":null}},"26":{"start":{"line":86,"column":10},"end":{"line":88,"column":null}},"27":{"start":{"line":92,"column":8},"end":{"line":112,"column":null}},"28":{"start":{"line":93,"column":31},"end":{"line":93,"column":null}},"29":{"start":{"line":94,"column":10},"end":{"line":94,"column":null}},"30":{"start":{"line":95,"column":10},"end":{"line":95,"column":null}},"31":{"start":{"line":98,"column":10},"end":{"line":107,"column":null}},"32":{"start":{"line":99,"column":28},"end":{"line":99,"column":null}},"33":{"start":{"line":100,"column":12},"end":{"line":106,"column":null}},"34":{"start":{"line":101,"column":39},"end":{"line":101,"column":null}},"35":{"start":{"line":102,"column":14},"end":{"line":105,"column":null}},"36":{"start":{"line":103,"column":16},"end":{"line":103,"column":null}},"37":{"start":{"line":104,"column":16},"end":{"line":104,"column":null}},"38":{"start":{"line":110,"column":10},"end":{"line":110,"column":null}},"39":{"start":{"line":111,"column":10},"end":{"line":111,"column":null}},"40":{"start":{"line":114,"column":8},"end":{"line":114,"column":null}},"41":{"start":{"line":115,"column":8},"end":{"line":115,"column":null}},"42":{"start":{"line":119,"column":4},"end":{"line":119,"column":null}}},"fnMap":{"0":{"name":"(anonymous_0)","decl":{"start":{"line":16,"column":2},"end":{"line":16,"column":14}},"loc":{"start":{"line":16,"column":45},"end":{"line":20,"column":null}},"line":16},"1":{"name":"(anonymous_1)","decl":{"start":{"line":29,"column":8},"end":{"line":29,"column":null}},"loc":{"start":{"line":31,"column":48},"end":{"line":120,"column":null}},"line":31}},"branchMap":{"0":{"loc":{"start":{"line":32,"column":4},"end":{"line":37,"column":null}},"type":"if","locations":[{"start":{"line":32,"column":4},"end":{"line":37,"column":null}},{"start":{},"end":{}}],"line":32},"1":{"loc":{"start":{"line":67,"column":6},"end":{"line":69,"column":null}},"type":"if","locations":[{"start":{"line":67,"column":6},"end":{"line":69,"column":null}},{"start":{},"end":{}}],"line":67},"2":{"loc":{"start":{"line":84,"column":8},"end":{"line":89,"column":null}},"type":"if","locations":[{"start":{"line":84,"column":8},"end":{"line":89,"column":null}},{"start":{},"end":{}}],"line":84},"3":{"loc":{"start":{"line":98,"column":10},"end":{"line":107,"column":null}},"type":"if","locations":[{"start":{"line":98,"column":10},"end":{"line":107,"column":null}},{"start":{},"end":{}}],"line":98},"4":{"loc":{"start":{"line":98,"column":14},"end":{"line":98,"column":51}},"type":"binary-expr","locations":[{"start":{"line":98,"column":14},"end":{"line":98,"column":34}},{"start":{"line":98,"column":34},"end":{"line":98,"column":51}}],"line":98},"5":{"loc":{"start":{"line":100,"column":12},"end":{"line":106,"column":null}},"type":"if","locations":[{"start":{"line":100,"column":12},"end":{"line":106,"column":null}},{"start":{},"end":{}}],"line":100},"6":{"loc":{"start":{"line":100,"column":16},"end":{"line":100,"column":76}},"type":"binary-expr","locations":[{"start":{"line":100,"column":16},"end":{"line":100,"column":27}},{"start":{"line":100,"column":27},"end":{"line":100,"column":58}},{"start":{"line":100,"column":58},"end":{"line":100,"column":76}}],"line":100},"7":{"loc":{"start":{"line":102,"column":14},"end":{"line":105,"column":null}},"type":"if","locations":[{"start":{"line":102,"column":14},"end":{"line":105,"column":null}},{"start":{},"end":{}}],"line":102}},"s":{"0":10,"1":10,"2":10,"3":10,"4":1,"5":1,"6":9,"7":9,"8":9,"9":9,"10":9,"11":18,"12":9,"13":9,"14":9,"15":9,"16":17,"17":17,"18":17,"19":17,"20":2,"21":17,"22":17,"23":16,"24":16,"25":2,"26":2,"27":14,"28":14,"29":14,"30":14,"31":14,"32":5,"33":5,"34":1,"35":1,"36":1,"37":1,"38":1,"39":1,"40":3,"41":3,"42":6},"f":{"0":10,"1":10},"b":{"0":[1,9],"1":[2,15],"2":[2,14],"3":[5,9],"4":[14,5],"5":[1,4],"6":[5,1,1],"7":[1,0]},"meta":{"lastBranch":8,"lastFunction":2,"lastStatement":43,"seen":{"f:16:2:16:14":0,"s:17:4:17:Infinity":0,"s:18:4:18:Infinity":1,"s:19:4:19:Infinity":2,"f:29:8:29:Infinity":1,"b:32:4:37:Infinity:undefined:undefined:undefined:undefined":0,"s:32:4:37:Infinity":3,"s:33:6:35:Infinity":4,"s:36:6:36:Infinity":5,"s:40:25:40:Infinity":6,"s:41:20:41:Infinity":7,"s:42:39:42:Infinity":8,"s:43:4:45:Infinity":9,"s:43:17:43:20":10,"s:44:6:44:Infinity":11,"s:47:53:47:Infinity":12,"s:48:32:48:Infinity":13,"s:50:4:117:Infinity":14,"s:50:26:50:29":15,"s:51:20:51:Infinity":16,"s:52:6:56:Infinity":17,"s:59:43:64:Infinity":18,"b:67:6:69:Infinity:undefined:undefined:undefined:undefined":1,"s:67:6:69:Infinity":19,"s:68:8:68:Infinity":20,"s:71:6:116:Infinity":21,"s:72:25:79:Infinity":22,"s:82:29:82:Infinity":23,"b:84:8:89:Infinity:undefined:undefined:undefined:undefined":2,"s:84:8:89:Infinity":24,"s:85:10:85:Infinity":25,"s:86:10:88:Infinity":26,"s:92:8:112:Infinity":27,"s:93:31:93:Infinity":28,"s:94:10:94:Infinity":29,"s:95:10:95:Infinity":30,"b:98:10:107:Infinity:undefined:undefined:undefined:undefined":3,"s:98:10:107:Infinity":31,"b:98:14:98:34:98:34:98:51":4,"s:99:28:99:Infinity":32,"b:100:12:106:Infinity:undefined:undefined:undefined:undefined":5,"s:100:12:106:Infinity":33,"b:100:16:100:27:100:27:100:58:100:58:100:76":6,"s:101:39:101:Infinity":34,"b:102:14:105:Infinity:undefined:undefined:undefined:undefined":7,"s:102:14:105:Infinity":35,"s:103:16:103:Infinity":36,"s:104:16:104:Infinity":37,"s:110:10:110:Infinity":38,"s:111:10:111:Infinity":39,"s:114:8:114:Infinity":40,"s:115:8:115:Infinity":41,"s:119:4:119:Infinity":42}}}
,"/Users/joaogarin/nevinbuilds/bruniai/src/sections/sectionExtraction.ts": {"path":"/Users/joaogarin/nevinbuilds/bruniai/src/sections/sectionExtraction.ts","statementMap":{"0":{"start":{"line":35,"column":38},"end":{"line":35,"column":null}},"1":{"start":{"line":36,"column":2},"end":{"line":38,"column":null}},"2":{"start":{"line":37,"column":4},"end":{"line":37,"column":null}},"3":{"start":{"line":42,"column":25},"end":{"line":42,"column":null}},"4":{"start":{"line":43,"column":18},"end":{"line":43,"column":null}},"5":{"start":{"line":45,"column":2},"end":{"line":92,"column":null}},"6":{"start":{"line":46,"column":23},"end":{"line":46,"column":null}},"7":{"start":{"line":47,"column":24},"end":{"line":47,"column":null}},"8":{"start":{"line":48,"column":27},"end":{"line":48,"column":null}},"9":{"start":{"line":51,"column":27},"end":{"line":53,"column":null}},"10":{"start":{"line":54,"column":29},"end":{"line":54,"column":null}},"11":{"start":{"line":55,"column":24},"end":{"line":55,"column":null}},"12":{"start":{"line":56,"column":29},"end":{"line":56,"column":null}},"13":{"start":{"line":57,"column":27},"end":{"line":57,"column":null}},"14":{"start":{"line":58,"column":35},"end":{"line":60,"column":null}},"15":{"start":{"line":62,"column":37},"end":{"line":72,"column":null}},"16":{"start":{"line":75,"column":4},"end":{"line":77,"column":null}},"17":{"start":{"line":76,"column":6},"end":{"line":76,"column":null}},"18":{"start":{"line":78,"column":4},"end":{"line":83,"column":null}},"19":{"start":{"line":82,"column":6},"end":{"line":82,"column":null}},"20":{"start":{"line":84,"column":4},"end":{"line":89,"column":null}},"21":{"start":{"line":88,"column":6},"end":{"line":88,"column":null}},"22":{"start":{"line":91,"column":4},"end":{"line":91,"column":null}},"23":{"start":{"line":94,"column":2},"end":{"line":94,"column":null}},"24":{"start":{"line":109,"column":2},"end":{"line":113,"column":null}},"25":{"start":{"line":110,"column":4},"end":{"line":112,"column":null}},"26":{"start":{"line":111,"column":6},"end":{"line":111,"column":null}},"27":{"start":{"line":116,"column":2},"end":{"line":140,"column":null}},"28":{"start":{"line":123,"column":4},"end":{"line":139,"column":null}},"29":{"start":{"line":127,"column":30},"end":{"line":129,"column":null}},"30":{"start":{"line":130,"column":29},"end":{"line":132,"column":null}},"31":{"start":{"line":133,"column":23},"end":{"line":135,"column":null}},"32":{"start":{"line":134,"column":8},"end":{"line":134,"column":null}},"33":{"start":{"line":136,"column":6},"end":{"line":138,"column":null}},"34":{"start":{"line":137,"column":8},"end":{"line":137,"column":null}},"35":{"start":{"line":143,"column":2},"end":{"line":150,"column":null}},"36":{"start":{"line":144,"column":4},"end":{"line":149,"column":null}},"37":{"start":{"line":148,"column":6},"end":{"line":148,"column":null}},"38":{"start":{"line":153,"column":2},"end":{"line":161,"column":null}},"39":{"start":{"line":154,"column":25},"end":{"line":156,"column":null}},"40":{"start":{"line":157,"column":24},"end":{"line":157,"column":null}},"41":{"start":{"line":158,"column":4},"end":{"line":160,"column":null}},"42":{"start":{"line":158,"column":37},"end":{"line":158,"column":63}},"43":{"start":{"line":159,"column":6},"end":{"line":159,"column":null}},"44":{"start":{"line":163,"column":2},"end":{"line":163,"column":null}},"45":{"start":{"line":179,"column":2},"end":{"line":320,"column":null}},"46":{"start":{"line":181,"column":25},"end":{"line":183,"column":null}},"47":{"start":{"line":185,"column":17},"end":{"line":185,"column":null}},"48":{"start":{"line":186,"column":4},"end":{"line":186,"column":null}},"49":{"start":{"line":190,"column":6},"end":{"line":190,"column":null}},"50":{"start":{"line":192,"column":21},"end":{"line":252,"column":null}},"51":{"start":{"line":199,"column":23},"end":{"line":199,"column":null}},"52":{"start":{"line":201,"column":8},"end":{"line":248,"column":null}},"53":{"start":{"line":205,"column":27},"end":{"line":205,"column":null}},"54":{"start":{"line":208,"column":14},"end":{"line":210,"column":null}},"55":{"start":{"line":209,"column":16},"end":{"line":209,"column":null}},"56":{"start":{"line":212,"column":31},"end":{"line":212,"column":null}},"57":{"start":{"line":213,"column":29},"end":{"line":213,"column":null}},"58":{"start":{"line":214,"column":32},"end":{"line":214,"column":null}},"59":{"start":{"line":215,"column":32},"end":{"line":215,"column":null}},"60":{"start":{"line":216,"column":61},"end":{"line":216,"column":null}},"61":{"start":{"line":219,"column":14},"end":{"line":224,"column":null}},"62":{"start":{"line":219,"column":27},"end":{"line":219,"column":30}},"63":{"start":{"line":220,"column":29},"end":{"line":220,"column":null}},"64":{"start":{"line":2
[...]
0,"189":0,"190":0,"191":0,"192":0,"193":0,"194":0,"195":0,"196":0},"f":{"0":0,"1":0,"2":0,"3":0,"4":1,"5":0,"6":0,"7":0,"8":0,"9":0,"10":0,"11":0,"12":0,"13":0,"14":0,"15":0,"16":0,"17":0,"18":0,"19":0,"20":0,"21":0,"22":0,"23":0},"b":{"0":[0,0],"1":[0,0],"2":[0,0],"3":[0,0],"4":[0,0],"5":[0,0],"6":[0,0],"7":[0,0],"8":[0,0],"9":[0,0],"10":[0,0],"11":[0,0],"12":[0,0],"13":[0,0],"14":[0,0],"15":[0,0],"16":[0,0],"17":[0,0,0,0],"18":[0,0],"19":[0,0],"20":[0,0],"21":[0,0],"22":[0,0],"23":[0,0],"24":[0,0],"25":[0,0],"26":[0,1],"27":[0,0],"28":[0,0],"29":[0,0],"30":[0,0],"31":[0,0],"32":[0,0],"33":[0,0],"34":[0,0],"35":[0,0],"36":[0,0],"37":[0,0],"38":[0,0],"39":[0,0],"40":[0,0],"41":[0,0],"42":[0,0],"43":[0,0],"44":[0,0],"45":[0,0],"46":[0,0],"47":[0,0],"48":[0,0],"49":[0,0],"50":[0,0],"51":[0,0,0],"52":[0,0],"53":[0,0],"54":[0,0],"55":[0,0],"56":[0,0],"57":[0,0],"58":[0,0],"59":[0,0],"60":[0,0],"61":[0,0]},"meta":{"lastBranch":62,"lastFunction":24,"lastStatement":197,"seen":{"f:32:16:32:Infinity":0,"s:35:38:35:Infinity":0,"b:36:2:38:Infinity:undefined:undefined:undefined:undefined":0,"s:36:2:38:Infinity":1,"s:37:4:37:Infinity":2,"s:42:25:42:Infinity":3,"s:43:18:43:Infinity":4,"s:45:2:92:Infinity":5,"s:46:23:46:Infinity":6,"s:47:24:47:Infinity":7,"s:48:27:48:Infinity":8,"s:51:27:53:Infinity":9,"s:54:29:54:Infinity":10,"s:55:24:55:Infinity":11,"s:56:29:56:Infinity":12,"s:57:27:57:Infinity":13,"s:58:35:60:Infinity":14,"s:62:37:72:Infinity":15,"b:64:34:64:54:64:54:64:Infinity":1,"b:65:38:65:67:65:67:65:Infinity":2,"b:66:28:66:52:66:52:66:Infinity":3,"b:67:38:67:67:67:67:67:Infinity":4,"b:68:34:68:61:68:61:68:Infinity":5,"b:70:10:70:Infinity:71:10:71:Infinity":6,"b:75:4:77:Infinity:undefined:undefined:undefined:undefined":7,"s:75:4:77:Infinity":16,"b:75:8:75:30:75:30:75:75":8,"s:76:6:76:Infinity":17,"b:78:4:83:Infinity:undefined:undefined:undefined:undefined":9,"s:78:4:83:Infinity":18,"b:79:6:79:Infinity:80:6:80:Infinity":10,"s:82:6:82:Infinity":19,"b:84:4:89:Infinity:undefined:undefined:undefined:undefined":11,"s:84:4:89:Infinity":20,"b:85:6:85:Infinity:86:6:86:Infinity":12,"s:88:6:88:Infinity":21,"s:91:4:91:Infinity":22,"s:94:2:94:Infinity":23,"f:104:9:104:Infinity":1,"b:109:2:113:Infinity:undefined:undefined:undefined:undefined":13,"s:109:2:113:Infinity":24,"b:109:6:109:32:109:32:109:44":14,"b:110:4:112:Infinity:undefined:undefined:undefined:undefined":15,"s:110:4:112:Infinity":25,"s:111:6:111:Infinity":26,"b:116:2:140:Infinity:undefined:undefined:undefined:undefined":16,"s:116:2:140:Infinity":27,"b:117:4:117:Infinity:118:4:118:Infinity:119:4:119:Infinity:120:4:120:Infinity":17,"b:123:4:139:Infinity:undefined:undefined:undefined:undefined":18,"s:123:4:139:Infinity":28,"s:127:30:129:Infinity":29,"s:130:29:132:Infinity":30,"s:133:23:135:Infinity":31,"f:133:57:133:58":2,"s:134:8:134:Infinity":32,"b:136:6:138:Infinity:undefined:undefined:undefined:undefined":19,"s:136:6:138:Infinity":33,"s:137:8:137:Infinity":34,"b:143:2:150:Infinity:undefined:undefined:undefined:undefined":20,"s:143:2:150:Infinity":35,"b:143:6:143:35:143:35:143:54":21,"b:144:4:149:Infinity:undefined:undefined:undefined:undefined":22,"s:144:4:149:Infinity":36,"s:148:6:148:Infinity":37,"b:153:2:161:Infinity:undefined:undefined:undefined:undefined":23,"s:153:2:161:Infinity":38,"b:153:6:153:43:153:43:153:64":24,"s:154:25:156:Infinity":39,"s:157:24:157:Infinity":40,"b:158:4:160:Infinity:undefined:undefined:undefined:undefined":25,"s:158:4:160:Infinity":41,"f:158:27:158:28":3,"s:158:37:158:63":42,"s:159:6:159:Infinity":43,"s:163:2:163:Infinity":44,"f:174:22:174:Infinity":4,"s:179:2:320:Infinity":45,"s:181:25:183:Infinity":46,"b:182:8:182:Infinity:183:8:183:Infinity":26,"s:185:17:185:Infinity":47,"s:186:4:186:Infinity":48,"s:190:6:190:Infinity":49,"s:192:21:252:Infinity":50,"f:193:6:193:Infinity":5,"s:199:23:199:Infinity":51,"s:201:8:248:Infinity":52,"f:204:17:204:18":6,"s:205:27:205:Infinity":53,"b:208:14:210:Infinity:undefined:undefined:undefined:undefined":27,"s:208:14:210:Infinity":54,"b:208:18:208:37:208:37:208:55":28,"s:209:16:209:Infinity":55,"s:212:31:212:Infinity":56,"b:212:31:212:51:212:51:212:Infinity":29,"s:213:29:213:Infinity":57,"b:213:29:213:56:213:56:213:Infinity":30,"s:214:32:214:Infinity":58,"b:214:32:214:62:214:62:214:Infinity":31,"s:215:32:215:Infinity":59,"b:215:32:215:67:215:67:215:Infinity":32,"s:216:61:216:Infinity":60,"s:219:14:224:Infinity":61,"s:219:27:219:30":62,"s:220:29:220:Infinity":63,"b:221:16:223:Infinity:undefined:undefined:undefined:undefined":33,"s:221:16:223:Infinity":64,"s:222:18:222:Infinity":65,"s:226:14:239:Infinity":66,"f:242:14:242:Infinity":7,"s:247:19:247:Infinity":67,"b:254:4:256:Infinity:undefined:undefined:undefined:undefined":34,"s:254:4:256:Infinity":68,"s:255:6:255:Infinity":69,"s:259:48:259:Infinity":70,"s:260:33:260:Infinity":71,"s:262:4:313:Infinity":72,"s:262:17:262:20":73,"s:263:22:263:Infinity":74,"s:264:22:264:Infinity":75,"s:265:48:265:Infinity":76,"b:268:6:306:Infinity:undefined:undefined:undefined:undefined":35,"s:268:6:306:Infinity":77,"s:270:8:280:Infinity":78,"s:270:21:270:24":79,"b:271:10:279:Infinity:undefined:undefined:undefined:undefined":36,"s:271:10:279:Infinity":80,"b:272:12:272:Infinity:273:12:273:Infinity":37,"s:275:12:275:Infinity":81,"s:276:12:276:Infinity":82,"s:277:12:277:Infinity":83,"s:278:12:278:Infinity":84,"b:283:8:305:Infinity:undefined:undefined:undefined:undefined":38,"s:283:8:305:Infinity":85,"b:284:10:284:Infinity:285:10:285:Infinity":39,"s:288:33:290:Infinity":86,"f:289:12:289:13":8,"s:289:22:289:Infinity":87,"s:291:31:291:Infinity":88,"s:294:10:304:Infinity":89,"s:294:23:294:26":90,"b:295:12:303:Infinity:undefined:undefined:undefined:undefined":40,"s:295:12:303:Infinity":91,"b:295:16:295:48:295:48:295:68":41,"s:296:14:296:Infinity":92,"s:297:14:297:Infinity":93,"s:298:14:298:Infinity":94,"s:299:14:301:Infinity":95,"s:302:14:302:Infinity":96,"s:308:6:312:Infinity":97,"s:315:4:315:Infinity":98,"s:316:4:316:Infinity":99,"s:318:4:318:Infinity":100,"s:319:4:319:Infinity":101,"f:333:22:333:Infinity":9,"s:340:2:585:Infinity":102,"s:387:4:393:Infinity":103,"f:387:4:387:13":10,"s:389:6:392:Infinity":104,"s:342:25:342:Infinity":105,"s:345:26:347:Infinity":106,"f:346:6:346:7":11,"s:346:19:346:Infinity":107,"b:349:4:352:Infinity:undefined:undefined:undefined:undefined":42,"s:349:4:352:Infinity":108,"s:350:6:350:Infinity":109,"s:351:6:351:Infinity":110,"s:354:17:354:Infinity":111,"s:356:4:356:Infinity":112,"s:357:4:357:Infinity":113,"s:360:27:370:Infinity":114,"f:360:47:360:53":12,"s:362:19:362:Infinity":115,"s:363:6:369:Infinity":116,"s:373:4:373:Infinity":117,"s:382:15:382:Infinity":118,"s:395:34:395:Infinity":119,"b:396:4:415:Infinity:406:4:415:Infinity":43,"s:396:4:415:Infinity":120,"s:397:6:397:Infinity":121,"b:399:6:405:Infinity:undefined:undefined:undefined:undefined":44,"s:399:6:405:Infinity":122,"s:400:31:403:Infinity":123,"f:402:15:402:16":13,"s:402:24:402:49":124,"s:404:8:404:Infinity":125,"b:406:4:415:Infinity:413:4:415:Infinity":45,"s:406:4:415:Infinity":126,"b:406:15:406:44:406:44:406:71":46,"s:408:29:411:Infinity":127,"f:410:13:410:14":14,"s:410:22:410:47":128,"s:412:6:412:Infinity":129,"b:413:4:415:Infinity:undefined:undefined:undefined:undefined":47,"s:413:4:415:Infinity":130,"s:414:6:414:Infinity":131,"b:417:4:437:Infinity:undefined:undefined:undefined:undefined":48,"s:417:4:437:Infinity":132,"s:418:6:436:Infinity":133,"s:420:8:433:Infinity":134,"f:420:42:420:43":15,"s:422:27:422:Infinity":135,"b:423:10:425:Infinity:undefined:undefined:undefined:undefined":49,"s:423:10:425:Infinity":136,"s:424:12:424:Infinity":137,"s:426:23:426:Infinity":138,"s:427:10:432:Infinity":139,"s:435:8:435:Infinity":140,"b:441:4:485:Infinity:undefined:undefined:undefined:undefined":50,"s:441:4:485:Infinity":141,"b:442:6:442:Infinity:443:6:443:Infinity:444:6:444:Infinity":51,"s:446:6:484:Infinity":142,"s:449:27:452:Infinity":143,"f:451:18:451:19":16,"s:451:27:451:41":144,"b:454:8:481:Infinity:undefined:undefined:undefined:undefined":52,"s:454:8:481:Infinity":145,"s:455:37:457:Infinity":146,"f:456:17:456:18":17,"s:456:26:456:66":147,"s:458:35:458:Infinity":148,"s:460:10:462:Infinity":149,"s:463:10:476:Infinity":150,"f:463:44:463:45":18,"s:465:29:465:Infinity":151,"b:466:12:468:Infinity:undefined:undefined:undefined:undefined":53,"s:466:12:468:Infinity":152,"s:467:14:467:Infinity":153,"s:469:25:469:Infinity":154,"s:470:12:475:Infinity":155,"b:478:10:480:Infinity:undefined:undefined:undefined:undefined":54,"s:478:10:480:Infinity":156,"s:479:12:479:Infinity":157,"s:483:8:483:Infinity":158,"b:488:4:500:Infinity:undefined:undefined:undefined:undefined":55,"s:488:4:500:Infinity":159,"s:489:31:493:Infinity":160,"s:494:29:496:Infinity":161,"f:495:8:495:9":19,"s:495:21:495:Infinity":162,"b:497:6:499:Infinity:undefined:undefined:undefined:undefined":56,"s:497:6:499:Infinity":163,"s:498:8:498:Infinity":164,"b:502:4:511:Infinity:undefined:undefined:undefined:undefined":57,"s:502:4:511:Infinity":165,"s:503:6:505:Infinity":166,"s:507:25:507:Infinity":167,"s:508:17:508:Infinity":168,"s:509:6:509:Infinity":169,"s:510:6:510:Infinity":170,"s:514:21:521:Infinity":171,"f:514:41:514:47":20,"s:516:19:516:Infinity":172,"s:517:6:520:Infinity":173,"s:522:4:524:Infinity":174,"s:526:4:530:Infinity":175,"b:533:4:565:Infinity:undefined:undefined:undefined:undefined":58,"s:533:4:565:Infinity":176,"s:534:6:537:Infinity":177,"f:534:26:534:27":21,"s:536:9:536:Infinity":178,"s:539:6:539:Infinity":179,"f:539:24:539:25":22,"s:539:37:539:61":180,"b:541:6:564:Infinity:undefined:undefined:undefined:undefined":59,"s:541:6:564:Infinity":181,"s:542:35:555:Infinity":182,"f:542:55:542:56":23,"s:544:27:544:Infinity":183,"b:545:10:547:Infinity:undefined:undefined:undefined:undefined":60,"s:545:10:547:Infinity":184,"s:546:12:546:Infinity":185,"s:548:23:548:Infinity":186,"s:549:10:554:Infinity":187,"b:556:8:563:Infinity:undefined:undefined:undefined:undefined":61,"s:556:8:563:Infinity":188,"s:557:10:557:Infinity":189,"s:558:10:562:Infinity":190,"s:569:23:577:Infinity":191,"s:579:15:579:Infinity":192,"s:580:4:580:Infinity":193,"s:581:4:581:Infinity":194,"s:583:4:583:Infinity":195,"s:584:4:584:Infinity":196}}}
,"/Users/joaogarin/nevinbuilds/bruniai/src/sections/sections.ts": {"path":"/Users/joaogarin/nevinbuilds/bruniai/src/sections/sections.ts","statementMap":{"0":{"start":{"line":25,"column":22},"end":{"line":38,"column":null}},"1":{"start":{"line":40,"column":30},"end":{"line":43,"column":null}},"2":{"start":{"line":54,"column":21},"end":{"line":54,"column":null}},"3":{"start":{"line":55,"column":21},"end":{"line":55,"column":null}},"4":{"start":{"line":57,"column":2},"end":{"line":185,"column":null}},"5":{"start":{"line":57,"column":21},"end":{"line":57,"column":24}},"6":{"start":{"line":58,"column":4},"end":{"line":184,"column":null}},"7":{"start":{"line":59,"column":6},"end":{"line":63,"column":null}},"8":{"start":{"line":66,"column":6},"end":{"line":66,"column":null}},"9":{"start":{"line":67,"column":22},"end":{"line":67,"column":null}},"10":{"start":{"line":68,"column":6},"end":{"line":68,"column":null}},"11":{"start":{"line":71,"column":23},"end":{"line":71,"column":null}},"12":{"start":{"line":72,"column":6},"end":{"line":82,"column":null}},"13":{"start":{"line":73,"column":8},"end":{"line":73,"column":null}},"14":{"start":{"line":74,"column":8},"end":{"line":74,"column":null}},"15":{"start":{"line":75,"column":8},"end":{"line":75,"column":null}},"16":{"start":{"line":76,"column":8},"end":{"line":76,"column":null}},"17":{"start":{"line":77,"column":8},"end":{"line":80,"column":null}},"18":{"start":{"line":81,"column":8},"end":{"line":81,"column":null}},"19":{"start":{"line":85,"column":19},"end":{"line":85,"column":null}},"20":{"start":{"line":86,"column":6},"end":{"line":86,"column":null}},"21":{"start":{"line":89,"column":29},"end":{"line":97,"column":null}},"22":{"start":{"line":118,"column":6},"end":{"line":175,"column":null}},"23":{"start":{"line":119,"column":32},"end":{"line":127,"column":null}},"24":{"start":{"line":122,"column":12},"end":{"line":125,"column":null}},"25":{"start":{"line":123,"column":20},"end":{"line":123,"column":null}},"26":{"start":{"line":130,"column":30},"end":{"line":130,"column":null}},"27":{"start":{"line":132,"column":8},"end":{"line":147,"column":null}},"28":{"start":{"line":133,"column":10},"end":{"line":133,"column":null}},"29":{"start":{"line":134,"column":10},"end":{"line":134,"column":null}},"30":{"start":{"line":135,"column":10},"end":{"line":135,"column":null}},"31":{"start":{"line":136,"column":10},"end":{"line":136,"column":null}},"32":{"start":{"line":137,"column":10},"end":{"line":139,"column":null}},"33":{"start":{"line":140,"column":10},"end":{"line":140,"column":null}},"34":{"start":{"line":141,"column":10},"end":{"line":141,"column":null}},"35":{"start":{"line":142,"column":10},"end":{"line":142,"column":null}},"36":{"start":{"line":143,"column":10},"end":{"line":143,"column":null}},"37":{"start":{"line":144,"column":10},"end":{"line":144,"column":null}},"38":{"start":{"line":145,"column":10},"end":{"line":145,"column":null}},"39":{"start":{"line":146,"column":10},"end":{"line":146,"column":null}},"40":{"start":{"line":149,"column":8},"end":{"line":155,"column":null}},"41":{"start":{"line":156,"column":8},"end":{"line":156,"column":null}},"42":{"start":{"line":158,"column":8},"end":{"line":173,"column":null}},"43":{"start":{"line":162,"column":10},"end":{"line":172,"column":null}},"44":{"start":{"line":163,"column":12},"end":{"line":167,"column":null}},"45":{"start":{"line":168,"column":12},"end":{"line":168,"column":null}},"46":{"start":{"line":168,"column":43},"end":{"line":168,"column":74}},"47":{"start":{"line":169,"column":12},"end":{"line":169,"column":null}},"48":{"start":{"line":171,"column":12},"end":{"line":171,"column":null}},"49":{"start":{"line":174,"column":8},"end":{"line":174,"column":null}},"50":{"start":{"line":177,"column":6},"end":{"line":177,"column":null}},"51":{"start":{"line":178,"column":6},"end":{"line":182,"column":null}},"52":{"start":{"line":179,"column":8},"end":{"line":179,"column":null}},"53":{"start":{"line":180,"column":8},"end":{"line":180,"column":null}},"54":{"start":{"line":180,"column":39},"end":{"line":180,"column":70}},"55":{"start":{"line":181,"column":8},"end":{"line":181,"column":null}},"56":{"start":{"line":183,"column":6},"end":{"line":183,"column":null}},"57":{"start":{"line":187,"column":2},"end":{"line":187,"column":null}}},"fnMap":{"0":{"name":"analyzeSectionsSideBySide","decl":{"start":{"line":49,"column":22},"end":{"line":49,"column":null}},"loc":{"start":{"line":53,"column":19},"end":{"line":188,"column":null}},"line":53},"1":{"name":"(anonymous_1)","decl":{"start":{"line":72,"column":22},"end":{"line":72,"column":23}},"loc":{"start":{"line":72,"column":38},"end":{"line":82,"column":7}},"line":72},"2":{"name":"(anonymous_2)","decl":{"start":{"line":121,"column":39},"end":{"line":121,"column":40}},"loc":{"start":{"line":122,"column":12},"end":{"line":125,"column":null}},"line":122},"3":{"name":"(anonymous_3)","decl":{"start":{"line":123,"column":14},"end":{"line":123,"column":20}},"loc":{"start":{"line":123,"column":20},"end":{"line":123,"column":null}},"line":123},"4":{"name":"(anonymous_4)","decl":{"start":{"line":132,"column":41},"end":{"line":132,"column":42}},"loc":{"start":{"line":132,"column":61},"end":{"line":147,"column":9}},"line":132},"5":{"name":"(anonymous_5)","decl":{"start":{"line":168,"column":30},"end":{"line":168,"column":31}},"loc":{"start":{"line":168,"column":43},"end":{"line":168,"column":74}},"line":168},"6":{"name":"(anonymous_6)","decl":{"start":{"line":180,"column":26},"end":{"line":180,"column":27}},"loc":{"start":{"line":180,"column":39},"end":{"line":180,"column":70}},"line":180}},"branchMap":{"0":{"loc":{"start":{"line":74,"column":34},"end":{"line":74,"column":54}},"type":"binary-expr","locations":[{"start":{"line":74,"column":34},"end":{"line":74,"column":48}},{"start":{"line":74,"column":48},"end":{"line":74,"column":54}}],"line":74},"1":{"loc":{"start":{"line":75,"column":39},"end":{"line":75,"column":66}},"type":"binary-expr","locations":[{"start":{"line":75,"column":39},"end":{"line":75,"column":60}},{"start":{"line":75,"column":60},"end":{"line":75,"column":66}}],"line":75},"2":{"loc":{"start":{"line":76,"column":42},"end":{"line":76,"column":69}},"type":"binary-expr","locations":[{"start":{"line":76,"column":42},"end":{"line":76,"column":63}},{"start":{"line":76,"column":63},"end":{"line":76,"column":69}}],"line":76},"3":{"loc":{"start":{"line":158,"column":8},"end":{"line":173,"column":null}},"type":"if","locations":[{"start":{"line":158,"column":8},"end":{"line":173,"column":null}},{"start":{},"end":{}}],"line":158},"4":{"loc":{"start":{"line":159,"column":10},"end":{"line":160,"column":null}},"type":"binary-expr","locations":[{"start":{"line":159,"column":10},"end":{"line":159,"column":null}},{"start":{"line":160,"column":10},"end":{"line":160,"column":null}}],"line":159},"5":{"loc":{"start":{"line":162,"column":10},"end":{"line":172,"column":null}},"type":"if","locations":[{"start":{"line":162,"column":10},"end":{"line":172,"column":null}},{"start":{"line":170,"column":17},"end":{"line":172,"column":null}}],"line":162},"6":{"loc":{"start":{"line":178,"column":6},"end":{"line":182,"column":null}},"type":"if","locations":[{"start":{"line":178,"column":6},"end":{"line":182,"column":null}},{"start":{},"end":{}}],"line":178}},"s":{"0":1,"1":1,"2":2,"3":2,"4":2,"5":2,"6":4,"7":4,"8":4,"9":4,"10":4,"11":4,"12":4,"13":4,"14":4,"15":4,"16":4,"17":4,"18":4,"19":4,"20":4,"21":4,"22":4,"23":4,"24":4,"25":3,"26":1,"27":1,"28":1,"29":1,"30":1,"31":1,"32":1,"33":1,"34":1,"35":1,"36":1,"37":1,"38":1,"39":1,"40":1,"41":1,"42":3,"43":3,"44":2,"45":2,"46":2,"47":2,"48":1,"49":0,"50":1,"51":1,"52":0,"53":0,"54":0,"55":0,"56":1,"57":2},"f":{"0":2,"1":4,"2":4,"3":3,"4":1,"5":2,"6":0},"b":{"0":[4,0],"1":[4,0],"2":[4,0],"3":[3,0],"4":[3,3],"5":[2,1],"6":[0,1]},"meta":{"lastBranch":7,"lastFunction":7,"lastStatement":58,"seen":{"s:25:22:38:Infinity":0,"s:40:30:43:Infinity":1,"f:49:22:49:Infinity":0,"s:54:21:54:Infinity":2,"s:55:21:55:Infinity":3,"s:57:2:185:Infinity":4,"s:57:21:57:24":5,"s:58:4:184:Infinity":6,"s:59:6:63:Infinity":7,"s:66:6:66:Infinity":8,"s:67:22:67:Infinity":9,"s:68:6:68:Infinity":10,"s:71:23:71:Infinity":11,"s:72:6:82:Infinity":12,"f:72:22:72:23":1,"s:73:8:73:Infinity":13,"s:74:8:74:Infinity":14,"b:74:34:74:48:74:48:74:54":0,"s:75:8:75:Infinity":15,"b:75:39:75:60:75:60:75:66":1,"s:76:8:76:Infinity":16,"b:76:42:76:63:76:63:76:69":2,"s:77:8:80:Infinity":17,"s:81:8:81:Infinity":18,"s:85:19:85:Infinity":19,"s:86:6:86:Infinity":20,"s:89:29:97:Infinity":21,"s:118:6:175:Infinity":22,"s:119:32:127:Infinity":23,"f:121:39:121:40":2,"s:122:12:125:Infinity":24,"f:123:14:123:20":3,"s:123:20:123:Infinity":25,"s:130:30:130:Infinity":26,"s:132:8:147:Infinity":27,"f:132:41:132:42":4,"s:133:10:133:Infinity":28,"s:134:10:134:Infinity":29,"s:135:10:135:Infinity":30,"s:136:10:136:Infinity":31,"s:137:10:139:Infinity":32,"s:140:10:140:Infinity":33,"s:141:10:141:Infinity":34,"s:142:10:142:Infinity":35,"s:143:10:143:Infinity":36,"s:144:10:144:Infinity":37,"s:145:10:145:Infinity":38,"s:146:10:146:Infinity":39,"s:149:8:155:Infinity":40,"s:156:8:156:Infinity":41,"b:158:8:173:Infinity:undefined:undefined:undefined:undefined":3,"s:158:8:173:Infinity":42,"b:159:10:159:Infinity:160:10:160:Infinity":4,"b:162:10:172:Infinity:170:17:172:Infinity":5,"s:162:10:172:Infinity":43,"s:163:12:167:Infinity":44,"s:168:12:168:Infinity":45,"f:168:30:168:31":5,"s:168:43:168:74":46,"s:169:12:169:Infinity":47,"s:171:12:171:Infinity":48,"s:174:8:174:Infinity":49,"s:177:6:177:Infinity":50,"b:178:6:182:Infinity:undefined:undefined:undefined:undefined":6,"s:178:6:182:Infinity":51,"s:179:8:179:Infinity":52,"s:180:8:180:Infinity":53,"f:180:26:180:27":6,"s:180:39:180:70":54,"s:181:8:181:Infinity":55,"s:183:6:183:Infinity":56,"s:187:2:187:Infinity":57}}}
}
